
> tv24-service@0.0.1 prebuild
> rimraf dist


> tv24-service@0.0.1 build
> nest build

[96mnode_modules/@types/babel__traverse/index.d.ts[0m:[93m68[0m:[93m50[0m - [91merror[0m[90m TS1005: [0m']' expected.

[7m68[0m export type ArrayKeys<T> = keyof { [P in keyof T as T[P] extends any[] ? P : never]: P };
[7m  [0m [91m                                                 ~~[0m
[96mnode_modules/@types/babel__traverse/index.d.ts[0m:[93m68[0m:[93m50[0m - [91merror[0m[90m TS2304: [0mCannot find name 'as'.

[7m68[0m export type ArrayKeys<T> = keyof { [P in keyof T as T[P] extends any[] ? P : never]: P };
[7m  [0m [91m                                                 ~~[0m
[96mnode_modules/@types/babel__traverse/index.d.ts[0m:[93m68[0m:[93m53[0m - [91merror[0m[90m TS1005: [0m';' expected.

[7m68[0m export type ArrayKeys<T> = keyof { [P in keyof T as T[P] extends any[] ? P : never]: P };
[7m  [0m [91m                                                    ~[0m
[96mnode_modules/@types/babel__traverse/index.d.ts[0m:[93m68[0m:[93m53[0m - [91merror[0m[90m TS2552: [0mCannot find name 'T'. Did you mean 't'?

[7m68[0m export type ArrayKeys<T> = keyof { [P in keyof T as T[P] extends any[] ? P : never]: P };
[7m  [0m [91m                                                    ~[0m
[96mnode_modules/@types/babel__traverse/index.d.ts[0m:[93m68[0m:[93m55[0m - [91merror[0m[90m TS2304: [0mCannot find name 'P'.

[7m68[0m export type ArrayKeys<T> = keyof { [P in keyof T as T[P] extends any[] ? P : never]: P };
[7m  [0m [91m                                                      ~[0m
[96mnode_modules/@types/babel__traverse/index.d.ts[0m:[93m68[0m:[93m58[0m - [91merror[0m[90m TS1005: [0m';' expected.

[7m68[0m export type ArrayKeys<T> = keyof { [P in keyof T as T[P] extends any[] ? P : never]: P };
[7m  [0m [91m                                                         ~~~~~~~[0m
[96mnode_modules/@types/babel__traverse/index.d.ts[0m:[93m68[0m:[93m66[0m - [91merror[0m[90m TS2693: [0m'any' only refers to a type, but is being used as a value here.

[7m68[0m export type ArrayKeys<T> = keyof { [P in keyof T as T[P] extends any[] ? P : never]: P };
[7m  [0m [91m                                                                 ~~~[0m
[96mnode_modules/@types/babel__traverse/index.d.ts[0m:[93m68[0m:[93m70[0m - [91merror[0m[90m TS1011: [0mAn element access expression should take an argument.

[7m68[0m export type ArrayKeys<T> = keyof { [P in keyof T as T[P] extends any[] ? P : never]: P };
[7m  [0m [91m                                                                     [0m
[96mnode_modules/@types/babel__traverse/index.d.ts[0m:[93m68[0m:[93m74[0m - [91merror[0m[90m TS2304: [0mCannot find name 'P'.

[7m68[0m export type ArrayKeys<T> = keyof { [P in keyof T as T[P] extends any[] ? P : never]: P };
[7m  [0m [91m                                                                         ~[0m
[96mnode_modules/@types/babel__traverse/index.d.ts[0m:[93m68[0m:[93m78[0m - [91merror[0m[90m TS2693: [0m'never' only refers to a type, but is being used as a value here.

[7m68[0m export type ArrayKeys<T> = keyof { [P in keyof T as T[P] extends any[] ? P : never]: P };
[7m  [0m [91m                                                                             ~~~~~[0m
[96mnode_modules/@types/babel__traverse/index.d.ts[0m:[93m68[0m:[93m83[0m - [91merror[0m[90m TS1005: [0m';' expected.

[7m68[0m export type ArrayKeys<T> = keyof { [P in keyof T as T[P] extends any[] ? P : never]: P };
[7m  [0m [91m                                                                                  ~[0m
[96mnode_modules/@types/babel__traverse/index.d.ts[0m:[93m68[0m:[93m84[0m - [91merror[0m[90m TS1128: [0mDeclaration or statement expected.

[7m68[0m export type ArrayKeys<T> = keyof { [P in keyof T as T[P] extends any[] ? P : never]: P };
[7m  [0m [91m                                                                                   ~[0m
[96mnode_modules/@types/babel__traverse/index.d.ts[0m:[93m68[0m:[93m86[0m - [91merror[0m[90m TS2304: [0mCannot find name 'P'.

[7m68[0m export type ArrayKeys<T> = keyof { [P in keyof T as T[P] extends any[] ? P : never]: P };
[7m  [0m [91m                                                                                     ~[0m
[96mnode_modules/@types/babel__traverse/index.d.ts[0m:[93m68[0m:[93m88[0m - [91merror[0m[90m TS1128: [0mDeclaration or statement expected.

[7m68[0m export type ArrayKeys<T> = keyof { [P in keyof T as T[P] extends any[] ? P : never]: P };
[7m  [0m [91m                                                                                       ~[0m
[96mnode_modules/@types/eslint/index.d.ts[0m:[93m486[0m:[93m44[0m - [91merror[0m[90m TS2694: [0mNamespace '"c:/Users/Anton/Documents/Work/T21V/TV24/Tv24Service/node_modules/@types/estree/index"' has no exported member 'PrivateIdentifier'.

[7m486[0m         PrivateIdentifier?: ((node: ESTree.PrivateIdentifier & NodeParentExtension) => void) | undefined;
[7m   [0m [91m                                           ~~~~~~~~~~~~~~~~~[0m
[96mnode_modules/@types/eslint/index.d.ts[0m:[93m489[0m:[93m45[0m - [91merror[0m[90m TS2694: [0mNamespace '"c:/Users/Anton/Documents/Work/T21V/TV24/Tv24Service/node_modules/@types/estree/index"' has no exported member 'PropertyDefinition'.

[7m489[0m         PropertyDefinition?: ((node: ESTree.PropertyDefinition & NodeParentExtension) => void) | undefined;
[7m   [0m [91m                                            ~~~~~~~~~~~~~~~~~~[0m
[96mnode_modules/@types/eslint/index.d.ts[0m:[93m494[0m:[93m38[0m - [91merror[0m[90m TS2694: [0mNamespace '"c:/Users/Anton/Documents/Work/T21V/TV24/Tv24Service/node_modules/@types/estree/index"' has no exported member 'StaticBlock'.

[7m494[0m         StaticBlock?: ((node: ESTree.StaticBlock & NodeParentExtension) => void) | undefined;
[7m   [0m [91m                                     ~~~~~~~~~~~[0m
[96mnode_modules/@types/express-serve-static-core/index.d.ts[0m:[93m70[0m:[93m14[0m - [91merror[0m[90m TS2315: [0mType 'Request' is not generic.

[7m70[0m         req: Request<P, ResBody, ReqBody, ReqQuery, LocalsObj>,
[7m  [0m [91m             ~~~~~~~~~~~~~~~~~~~~~~~~~~~~~~~~~~~~~~~~~~~~~~~~~[0m
[96mnode_modules/@types/express-serve-static-core/index.d.ts[0m:[93m71[0m:[93m14[0m - [91merror[0m[90m TS2315: [0mType 'Response' is not generic.

[7m71[0m         res: Response<ResBody, LocalsObj>,
[7m  [0m [91m             ~~~~~~~~~~~~~~~~~~~~~~~~~~~~[0m
[96mnode_modules/@types/express-serve-static-core/index.d.ts[0m:[93m84[0m:[93m10[0m - [91merror[0m[90m TS2315: [0mType 'Request' is not generic.

[7m84[0m     req: Request<P, ResBody, ReqBody, ReqQuery, LocalsObj>,
[7m  [0m [91m         ~~~~~~~~~~~~~~~~~~~~~~~~~~~~~~~~~~~~~~~~~~~~~~~~~[0m
[96mnode_modules/@types/express-serve-static-core/index.d.ts[0m:[93m85[0m:[93m10[0m - [91merror[0m[90m TS2315: [0mType 'Response' is not generic.

[7m85[0m     res: Response<ResBody, LocalsObj>,
[7m  [0m [91m         ~~~~~~~~~~~~~~~~~~~~~~~~~~~~[0m
[96mnode_modules/@types/express-serve-static-core/index.d.ts[0m:[93m102[0m:[93m68[0m - [91merror[0m[90m TS1110: [0mType expected.

[7m102[0m type RemoveTail<S extends string, Tail extends string> = S extends `${infer P}${Tail}` ? P : S;
[7m   [0m [91m                                                                   ~~~[0m
[96mnode_modules/@types/express-serve-static-core/index.d.ts[0m:[93m102[0m:[93m71[0m - [91merror[0m[90m TS2304: [0mCannot find name 'infer'.

[7m102[0m type RemoveTail<S extends string, Tail extends string> = S extends `${infer P}${Tail}` ? P : S;
[7m   [0m [91m                                                                      ~~~~~[0m
[96mnode_modules/@types/express-serve-static-core/index.d.ts[0m:[93m102[0m:[93m77[0m - [91merror[0m[90m TS1005: [0m'}' expected.

[7m102[0m type RemoveTail<S extends string, Tail extends string> = S extends `${infer P}${Tail}` ? P : S;
[7m   [0m [91m                                                                            ~[0m
[96mnode_modules/@types/express-serve-static-core/index.d.ts[0m:[93m102[0m:[93m77[0m - [91merror[0m[90m TS2304: [0mCannot find name 'P'.

[7m102[0m type RemoveTail<S extends string, Tail extends string> = S extends `${infer P}${Tail}` ? P : S;
[7m   [0m [91m                                                                            ~[0m
[96mnode_modules/@types/express-serve-static-core/index.d.ts[0m:[93m102[0m:[93m78[0m - [91merror[0m[90m TS1128: [0mDeclaration or statement expected.

[7m102[0m type RemoveTail<S extends string, Tail extends string> = S extends `${infer P}${Tail}` ? P : S;
[7m   [0m [91m                                                                             ~[0m
[96mnode_modules/@types/express-serve-static-core/index.d.ts[0m:[93m102[0m:[93m79[0m - [91merror[0m[90m TS2581: [0mCannot find name '$'. Do you need to install type definitions for jQuery? Try `npm i @types/jquery`.

[7m102[0m type RemoveTail<S extends string, Tail extends string> = S extends `${infer P}${Tail}` ? P : S;
[7m   [0m [91m                                                                              ~[0m
[96mnode_modules/@types/express-serve-static-core/index.d.ts[0m:[93m102[0m:[93m80[0m - [91merror[0m[90m TS1005: [0m';' expected.

[7m102[0m type RemoveTail<S extends string, Tail extends string> = S extends `${infer P}${Tail}` ? P : S;
[7m   [0m [91m                                                                               ~[0m
[96mnode_modules/@types/express-serve-static-core/index.d.ts[0m:[93m102[0m:[93m81[0m - [91merror[0m[90m TS2304: [0mCannot find name 'Tail'.

[7m102[0m type RemoveTail<S extends string, Tail extends string> = S extends `${infer P}${Tail}` ? P : S;
[7m   [0m [91m                                                                                ~~~~[0m
[96mnode_modules/@types/express-serve-static-core/index.d.ts[0m:[93m102[0m:[93m86[0m - [91merror[0m[90m TS2362: [0mThe left-hand side of an arithmetic operation must be of type 'any', 'number', 'bigint' or an enum type.

[7m102[0m type RemoveTail<S extends string, Tail extends string> = S extends `${infer P}${Tail}` ? P : S;
[7m   [0m [91m                                                                                     ~~~~~~~~~~[0m
[7m103[0m type GetRouteParameter<S extends string> = RemoveTail<
[7m   [0m [91m~~~~~~~~~~~~~~~~~~~~~~~~~~~~~~~~~~~~~~~~~~~~~~~~~~~~~~[0m
[7m104[0m     RemoveTail<RemoveTail<S, `/${string}`>, `-${string}`>,
[7m   [0m [91m~~~~~~~~~~~~~~~~~~~~~~~~~~~~~~[0m
[96mnode_modules/@types/express-serve-static-core/index.d.ts[0m:[93m104[0m:[93m32[0m - [91merror[0m[90m TS2581: [0mCannot find name '$'. Do you need to install type definitions for jQuery? Try `npm i @types/jquery`.

[7m104[0m     RemoveTail<RemoveTail<S, `/${string}`>, `-${string}`>,
[7m   [0m [91m                               ~[0m
[96mnode_modules/@types/express-serve-static-core/index.d.ts[0m:[93m104[0m:[93m33[0m - [91merror[0m[90m TS1005: [0m';' expected.

[7m104[0m     RemoveTail<RemoveTail<S, `/${string}`>, `-${string}`>,
[7m   [0m [91m                                ~[0m
[96mnode_modules/@types/express-serve-static-core/index.d.ts[0m:[93m104[0m:[93m34[0m - [91merror[0m[90m TS2693: [0m'string' only refers to a type, but is being used as a value here.

[7m104[0m     RemoveTail<RemoveTail<S, `/${string}`>, `-${string}`>,
[7m   [0m [91m                                 ~~~~~~[0m
[96mnode_modules/@types/express-serve-static-core/index.d.ts[0m:[93m104[0m:[93m41[0m - [91merror[0m[90m TS2362: [0mThe left-hand side of an arithmetic operation must be of type 'any', 'number', 'bigint' or an enum type.

[7m104[0m     RemoveTail<RemoveTail<S, `/${string}`>, `-${string}`>,
[7m   [0m [91m                                        ~~~~~[0m
[96mnode_modules/@types/express-serve-static-core/index.d.ts[0m:[93m104[0m:[93m47[0m - [91merror[0m[90m TS2581: [0mCannot find name '$'. Do you need to install type definitions for jQuery? Try `npm i @types/jquery`.

[7m104[0m     RemoveTail<RemoveTail<S, `/${string}`>, `-${string}`>,
[7m   [0m [91m                                              ~[0m
[96mnode_modules/@types/express-serve-static-core/index.d.ts[0m:[93m104[0m:[93m48[0m - [91merror[0m[90m TS1005: [0m';' expected.

[7m104[0m     RemoveTail<RemoveTail<S, `/${string}`>, `-${string}`>,
[7m   [0m [91m                                               ~[0m
[96mnode_modules/@types/express-serve-static-core/index.d.ts[0m:[93m104[0m:[93m49[0m - [91merror[0m[90m TS2693: [0m'string' only refers to a type, but is being used as a value here.

[7m104[0m     RemoveTail<RemoveTail<S, `/${string}`>, `-${string}`>,
[7m   [0m [91m                                                ~~~~~~[0m
[96mnode_modules/@types/express-serve-static-core/index.d.ts[0m:[93m105[0m:[93m7[0m - [91merror[0m[90m TS2339: [0mProperty '$' does not exist on type '">,\n    "'.

[7m105[0m     `.${string}`
[7m   [0m [91m      ~[0m
[96mnode_modules/@types/express-serve-static-core/index.d.ts[0m:[93m105[0m:[93m8[0m - [91merror[0m[90m TS1005: [0m';' expected.

[7m105[0m     `.${string}`
[7m   [0m [91m       ~[0m
[96mnode_modules/@types/express-serve-static-core/index.d.ts[0m:[93m105[0m:[93m9[0m - [91merror[0m[90m TS2693: [0m'string' only refers to a type, but is being used as a value here.

[7m105[0m     `.${string}`
[7m   [0m [91m        ~~~~~~[0m
[96mnode_modules/@types/express-serve-static-core/index.d.ts[0m:[93m111[0m:[93m22[0m - [91merror[0m[90m TS1005: [0m';' expected.

[7m111[0m     : Route extends `${string}(${string}`
[7m   [0m [91m                     ~[0m
[96mnode_modules/@types/express-serve-static-core/index.d.ts[0m:[93m111[0m:[93m22[0m - [91merror[0m[90m TS2581: [0mCannot find name '$'. Do you need to install type definitions for jQuery? Try `npm i @types/jquery`.

[7m111[0m     : Route extends `${string}(${string}`
[7m   [0m [91m                     ~[0m
[96mnode_modules/@types/express-serve-static-core/index.d.ts[0m:[93m111[0m:[93m23[0m - [91merror[0m[90m TS1005: [0m';' expected.

[7m111[0m     : Route extends `${string}(${string}`
[7m   [0m [91m                      ~[0m
[96mnode_modules/@types/express-serve-static-core/index.d.ts[0m:[93m111[0m:[93m24[0m - [91merror[0m[90m TS2693: [0m'string' only refers to a type, but is being used as a value here.

[7m111[0m     : Route extends `${string}(${string}`
[7m   [0m [91m                       ~~~~~~[0m
[96mnode_modules/@types/express-serve-static-core/index.d.ts[0m:[93m111[0m:[93m32[0m - [91merror[0m[90m TS2581: [0mCannot find name '$'. Do you need to install type definitions for jQuery? Try `npm i @types/jquery`.

[7m111[0m     : Route extends `${string}(${string}`
[7m   [0m [91m                               ~[0m
[96mnode_modules/@types/express-serve-static-core/index.d.ts[0m:[93m111[0m:[93m33[0m - [91merror[0m[90m TS1005: [0m')' expected.

[7m111[0m     : Route extends `${string}(${string}`
[7m   [0m [91m                                ~[0m
[96mnode_modules/@types/express-serve-static-core/index.d.ts[0m:[93m111[0m:[93m34[0m - [91merror[0m[90m TS2693: [0m'string' only refers to a type, but is being used as a value here.

[7m111[0m     : Route extends `${string}(${string}`
[7m   [0m [91m                                 ~~~~~~[0m
[96mnode_modules/@types/express-serve-static-core/index.d.ts[0m:[93m113[0m:[93m26[0m - [91merror[0m[90m TS1005: [0m';' expected.

[7m113[0m         : Route extends `${string}:${infer Rest}`
[7m   [0m [91m                         ~[0m
[96mnode_modules/@types/express-serve-static-core/index.d.ts[0m:[93m113[0m:[93m26[0m - [91merror[0m[90m TS2581: [0mCannot find name '$'. Do you need to install type definitions for jQuery? Try `npm i @types/jquery`.

[7m113[0m         : Route extends `${string}:${infer Rest}`
[7m   [0m [91m                         ~[0m
[96mnode_modules/@types/express-serve-static-core/index.d.ts[0m:[93m113[0m:[93m27[0m - [91merror[0m[90m TS1005: [0m';' expected.

[7m113[0m         : Route extends `${string}:${infer Rest}`
[7m   [0m [91m                          ~[0m
[96mnode_modules/@types/express-serve-static-core/index.d.ts[0m:[93m113[0m:[93m28[0m - [91merror[0m[90m TS2693: [0m'string' only refers to a type, but is being used as a value here.

[7m113[0m         : Route extends `${string}:${infer Rest}`
[7m   [0m [91m                           ~~~~~~[0m
[96mnode_modules/@types/express-serve-static-core/index.d.ts[0m:[93m113[0m:[93m35[0m - [91merror[0m[90m TS1128: [0mDeclaration or statement expected.

[7m113[0m         : Route extends `${string}:${infer Rest}`
[7m   [0m [91m                                  ~[0m
[96mnode_modules/@types/express-serve-static-core/index.d.ts[0m:[93m113[0m:[93m36[0m - [91merror[0m[90m TS2581: [0mCannot find name '$'. Do you need to install type definitions for jQuery? Try `npm i @types/jquery`.

[7m113[0m         : Route extends `${string}:${infer Rest}`
[7m   [0m [91m                                   ~[0m
[96mnode_modules/@types/express-serve-static-core/index.d.ts[0m:[93m113[0m:[93m37[0m - [91merror[0m[90m TS1005: [0m';' expected.

[7m113[0m         : Route extends `${string}:${infer Rest}`
[7m   [0m [91m                                    ~[0m
[96mnode_modules/@types/express-serve-static-core/index.d.ts[0m:[93m113[0m:[93m38[0m - [91merror[0m[90m TS2304: [0mCannot find name 'infer'.

[7m113[0m         : Route extends `${string}:${infer Rest}`
[7m   [0m [91m                                     ~~~~~[0m
[96mnode_modules/@types/express-serve-static-core/index.d.ts[0m:[93m113[0m:[93m44[0m - [91merror[0m[90m TS1005: [0m';' expected.

[7m113[0m         : Route extends `${string}:${infer Rest}`
[7m   [0m [91m                                           ~~~~[0m
[96mnode_modules/@types/express-serve-static-core/index.d.ts[0m:[93m113[0m:[93m44[0m - [91merror[0m[90m TS2304: [0mCannot find name 'Rest'.

[7m113[0m         : Route extends `${string}:${infer Rest}`
[7m   [0m [91m                                           ~~~~[0m
[96mnode_modules/@types/express-serve-static-core/index.d.ts[0m:[93m117[0m:[93m52[0m - [91merror[0m[90m TS1005: [0m';' expected.

[7m117[0m                 : GetRouteParameter<Rest> extends `${infer ParamName}?`
[7m   [0m [91m                                                   ~[0m
[96mnode_modules/@types/express-serve-static-core/index.d.ts[0m:[93m117[0m:[93m52[0m - [91merror[0m[90m TS2581: [0mCannot find name '$'. Do you need to install type definitions for jQuery? Try `npm i @types/jquery`.

[7m117[0m                 : GetRouteParameter<Rest> extends `${infer ParamName}?`
[7m   [0m [91m                                                   ~[0m
[96mnode_modules/@types/express-serve-static-core/index.d.ts[0m:[93m117[0m:[93m53[0m - [91merror[0m[90m TS1005: [0m';' expected.

[7m117[0m                 : GetRouteParameter<Rest> extends `${infer ParamName}?`
[7m   [0m [91m                                                    ~[0m
[96mnode_modules/@types/express-serve-static-core/index.d.ts[0m:[93m117[0m:[93m54[0m - [91merror[0m[90m TS2304: [0mCannot find name 'infer'.

[7m117[0m                 : GetRouteParameter<Rest> extends `${infer ParamName}?`
[7m   [0m [91m                                                     ~~~~~[0m
[96mnode_modules/@types/express-serve-static-core/index.d.ts[0m:[93m117[0m:[93m60[0m - [91merror[0m[90m TS1005: [0m';' expected.

[7m117[0m                 : GetRouteParameter<Rest> extends `${infer ParamName}?`
[7m   [0m [91m                                                           ~~~~~~~~~[0m
[96mnode_modules/@types/express-serve-static-core/index.d.ts[0m:[93m117[0m:[93m60[0m - [91merror[0m[90m TS2304: [0mCannot find name 'ParamName'.

[7m117[0m                 : GetRouteParameter<Rest> extends `${infer ParamName}?`
[7m   [0m [91m                                                           ~~~~~~~~~[0m
[96mnode_modules/@types/express-serve-static-core/index.d.ts[0m:[93m117[0m:[93m70[0m - [91merror[0m[90m TS1128: [0mDeclaration or statement expected.

[7m117[0m                 : GetRouteParameter<Rest> extends `${infer ParamName}?`
[7m   [0m [91m                                                                     ~[0m
[96mnode_modules/@types/express-serve-static-core/index.d.ts[0m:[93m121[0m:[93m28[0m - [91merror[0m[90m TS1005: [0m';' expected.

[7m121[0m             (Rest extends `${GetRouteParameter<Rest>}${infer Next}`
[7m   [0m [91m                           ~[0m
[96mnode_modules/@types/express-serve-static-core/index.d.ts[0m:[93m121[0m:[93m28[0m - [91merror[0m[90m TS2581: [0mCannot find name '$'. Do you need to install type definitions for jQuery? Try `npm i @types/jquery`.

[7m121[0m             (Rest extends `${GetRouteParameter<Rest>}${infer Next}`
[7m   [0m [91m                           ~[0m
[96mnode_modules/@types/express-serve-static-core/index.d.ts[0m:[93m121[0m:[93m29[0m - [91merror[0m[90m TS1005: [0m';' expected.

[7m121[0m             (Rest extends `${GetRouteParameter<Rest>}${infer Next}`
[7m   [0m [91m                            ~[0m
[96mnode_modules/@types/express-serve-static-core/index.d.ts[0m:[93m121[0m:[93m30[0m - [91merror[0m[90m TS2304: [0mCannot find name 'GetRouteParameter'.

[7m121[0m             (Rest extends `${GetRouteParameter<Rest>}${infer Next}`
[7m   [0m [91m                             ~~~~~~~~~~~~~~~~~[0m
[96mnode_modules/@types/express-serve-static-core/index.d.ts[0m:[93m121[0m:[93m48[0m - [91merror[0m[90m TS2304: [0mCannot find name 'Rest'.

[7m121[0m             (Rest extends `${GetRouteParameter<Rest>}${infer Next}`
[7m   [0m [91m                                               ~~~~[0m
[96mnode_modules/@types/express-serve-static-core/index.d.ts[0m:[93m121[0m:[93m53[0m - [91merror[0m[90m TS1005: [0m'(' expected.

[7m121[0m             (Rest extends `${GetRouteParameter<Rest>}${infer Next}`
[7m   [0m [91m                                                    ~[0m
[96mnode_modules/@types/express-serve-static-core/index.d.ts[0m:[93m121[0m:[93m54[0m - [91merror[0m[90m TS2581: [0mCannot find name '$'. Do you need to install type definitions for jQuery? Try `npm i @types/jquery`.

[7m121[0m             (Rest extends `${GetRouteParameter<Rest>}${infer Next}`
[7m   [0m [91m                                                     ~[0m
[96mnode_modules/@types/express-serve-static-core/index.d.ts[0m:[93m121[0m:[93m55[0m - [91merror[0m[90m TS1005: [0m';' expected.

[7m121[0m             (Rest extends `${GetRouteParameter<Rest>}${infer Next}`
[7m   [0m [91m                                                      ~[0m
[96mnode_modules/@types/express-serve-static-core/index.d.ts[0m:[93m121[0m:[93m56[0m - [91merror[0m[90m TS2304: [0mCannot find name 'infer'.

[7m121[0m             (Rest extends `${GetRouteParameter<Rest>}${infer Next}`
[7m   [0m [91m                                                       ~~~~~[0m
[96mnode_modules/@types/express-serve-static-core/index.d.ts[0m:[93m121[0m:[93m62[0m - [91merror[0m[90m TS1005: [0m';' expected.

[7m121[0m             (Rest extends `${GetRouteParameter<Rest>}${infer Next}`
[7m   [0m [91m                                                             ~~~~[0m
[96mnode_modules/@types/express-serve-static-core/index.d.ts[0m:[93m121[0m:[93m62[0m - [91merror[0m[90m TS2304: [0mCannot find name 'Next'.

[7m121[0m             (Rest extends `${GetRouteParameter<Rest>}${infer Next}`
[7m   [0m [91m                                                             ~~~~[0m
[96mnode_modules/@types/express-serve-static-core/index.d.ts[0m:[93m237[0m:[93m41[0m - [91merror[0m[90m TS1005: [0m';' expected.

[7m237[0m      * Map the given param placeholder `name`(s) to the given callback(s).
[7m   [0m [91m                                        ~~~~[0m
[96mnode_modules/@types/express-serve-static-core/index.d.ts[0m:[93m237[0m:[93m41[0m - [91merror[0m[90m TS2349: [0mThis expression is not callable.
  Type 'never' has no call signatures.

[7m237[0m      * Map the given param placeholder `name`(s) to the given callback(s).
[7m   [0m [91m                                        ~~~~[0m
[96mnode_modules/@types/express-serve-static-core/index.d.ts[0m:[93m246[0m:[93m31[0m - [91merror[0m[90m TS1005: [0m';' expected.

[7m246[0m      * of the user. Once the `next()` function is invoked, just like middleware
[7m   [0m [91m                              ~~~~[0m
[96mnode_modules/@types/express-serve-static-core/index.d.ts[0m:[93m246[0m:[93m31[0m - [91merror[0m[90m TS2304: [0mCannot find name 'next'.

[7m246[0m      * of the user. Once the `next()` function is invoked, just like middleware
[7m   [0m [91m                              ~~~~[0m
[96mnode_modules/@types/express-serve-static-core/index.d.ts[0m:[93m272[0m:[93m62[0m - [91merror[0m[90m TS1005: [0m';' expected.

[7m272[0m      * Special-cased "all" method, applying the given route `path`,
[7m   [0m [91m                                                             ~~~~[0m
[96mnode_modules/@types/express-serve-static-core/index.d.ts[0m:[93m272[0m:[93m62[0m - [91merror[0m[90m TS2304: [0mCannot find name 'path'.

[7m272[0m      * Special-cased "all" method, applying the given route `path`,
[7m   [0m [91m                                                             ~~~~[0m
[96mnode_modules/@types/express-serve-static-core/index.d.ts[0m:[93m368[0m:[93m49[0m - [91merror[0m[90m TS1005: [0m';' expected.

[7m368[0m  * @param P  For most requests, this should be `ParamsDictionary`, but if you're
[7m   [0m [91m                                                ~~~~~~~~~~~~~~~~[0m
[96mnode_modules/@types/express-serve-static-core/index.d.ts[0m:[93m368[0m:[93m49[0m - [91merror[0m[90m TS2693: [0m'ParamsDictionary' only refers to a type, but is being used as a value here.

[7m368[0m  * @param P  For most requests, this should be `ParamsDictionary`, but if you're
[7m   [0m [91m                                                ~~~~~~~~~~~~~~~~[0m
[96mnode_modules/@types/express-serve-static-core/index.d.ts[0m:[93m369[0m:[93m59[0m - [91merror[0m[90m TS1005: [0m';' expected.

[7m369[0m  * using this in a route handler for a route that uses a `RegExp` or a wildcard
[7m   [0m [91m                                                          ~~~~~~[0m
[96mnode_modules/@types/express-serve-static-core/index.d.ts[0m:[93m369[0m:[93m65[0m - [91merror[0m[90m TS2769: [0mNo overload matches this call.
  Overload 1 of 3, '(pattern: string | RegExp, flags?: string): RegExp', gave the following error.
    Argument of type 'TemplateStringsArray' is not assignable to parameter of type 'string | RegExp'.
      Type 'TemplateStringsArray' is not assignable to type 'string'.
  Overload 2 of 3, '(pattern: string | RegExp): RegExp', gave the following error.
    Argument of type 'TemplateStringsArray' is not assignable to parameter of type 'string | RegExp'.
      Type 'TemplateStringsArray' is not assignable to type 'string'.
  Overload 3 of 3, '(pattern: string, flags?: string): RegExp', gave the following error.
    Argument of type 'TemplateStringsArray' is not assignable to parameter of type 'string'.

[7m369[0m  * using this in a route handler for a route that uses a `RegExp` or a wildcard
[7m   [0m [91m                                                                ~~~~~~~~~~~~~~~[0m
[7m370[0m  * `string` path (e.g. `'/user/*'`), then `req.params` will be an array, in
[7m   [0m [91m~~~~[0m

[96mnode_modules/@types/express-serve-static-core/index.d.ts[0m:[93m370[0m:[93m5[0m - [91merror[0m[90m TS1005: [0m';' expected.

[7m370[0m  * `string` path (e.g. `'/user/*'`), then `req.params` will be an array, in
[7m   [0m [91m    ~~~~~~[0m
[96mnode_modules/@types/express-serve-static-core/index.d.ts[0m:[93m370[0m:[93m5[0m - [91merror[0m[90m TS2693: [0m'string' only refers to a type, but is being used as a value here.

[7m370[0m  * `string` path (e.g. `'/user/*'`), then `req.params` will be an array, in
[7m   [0m [91m    ~~~~~~[0m
[96mnode_modules/@types/express-serve-static-core/index.d.ts[0m:[93m370[0m:[93m25[0m - [91merror[0m[90m TS1005: [0m';' expected.

[7m370[0m  * `string` path (e.g. `'/user/*'`), then `req.params` will be an array, in
[7m   [0m [91m                        ~~~~~~~~~[0m
[96mnode_modules/@types/express-serve-static-core/index.d.ts[0m:[93m370[0m:[93m25[0m - [91merror[0m[90m TS2349: [0mThis expression is not callable.
  Type 'String' has no call signatures.

[7m370[0m  * `string` path (e.g. `'/user/*'`), then `req.params` will be an array, in
[7m   [0m [91m                        ~~~~~~~~~[0m
[96mnode_modules/@types/express-serve-static-core/index.d.ts[0m:[93m370[0m:[93m44[0m - [91merror[0m[90m TS1005: [0m';' expected.

[7m370[0m  * `string` path (e.g. `'/user/*'`), then `req.params` will be an array, in
[7m   [0m [91m                                           ~~~[0m
[96mnode_modules/@types/express-serve-static-core/index.d.ts[0m:[93m370[0m:[93m44[0m - [91merror[0m[90m TS2304: [0mCannot find name 'req'.

[7m370[0m  * `string` path (e.g. `'/user/*'`), then `req.params` will be an array, in
[7m   [0m [91m                                           ~~~[0m
[96mnode_modules/@types/express-serve-static-core/index.d.ts[0m:[93m371[0m:[93m31[0m - [91merror[0m[90m TS1005: [0m';' expected.

[7m371[0m  * which case you should use `ParamsArray` instead.
[7m   [0m [91m                              ~~~~~~~~~~~[0m
[96mnode_modules/@types/express-serve-static-core/index.d.ts[0m:[93m371[0m:[93m31[0m - [91merror[0m[90m TS2693: [0m'ParamsArray' only refers to a type, but is being used as a value here.

[7m371[0m  * which case you should use `ParamsArray` instead.
[7m   [0m [91m                              ~~~~~~~~~~~[0m
[96mnode_modules/@types/express-serve-static-core/index.d.ts[0m:[93m376[0m:[93m84[0m - [91merror[0m[90m TS1005: [0m';' expected.

[7m376[0m  *     app.get('/user/:id', (req, res) => res.send(req.params.id)); // implicitly `ParamsDictionary`
[7m   [0m [91m                                                                                   ~~~~~~~~~~~~~~~~[0m
[96mnode_modules/@types/express-serve-static-core/index.d.ts[0m:[93m376[0m:[93m84[0m - [91merror[0m[90m TS2693: [0m'ParamsDictionary' only refers to a type, but is being used as a value here.

[7m376[0m  *     app.get('/user/:id', (req, res) => res.send(req.params.id)); // implicitly `ParamsDictionary`
[7m   [0m [91m                                                                                   ~~~~~~~~~~~~~~~~[0m
[96mnode_modules/@types/express-serve-static-core/index.d.ts[0m:[93m391[0m:[93m13[0m - [91merror[0m[90m TS1005: [0m';' expected.

[7m391[0m      * The `Referrer` header field is special-cased,
[7m   [0m [91m            ~~~~~~~~[0m
[96mnode_modules/@types/express-serve-static-core/index.d.ts[0m:[93m391[0m:[93m13[0m - [91merror[0m[90m TS2304: [0mCannot find name 'Referrer'.

[7m391[0m      * The `Referrer` header field is special-cased,
[7m   [0m [91m            ~~~~~~~~[0m
[96mnode_modules/@types/express-serve-static-core/index.d.ts[0m:[93m392[0m:[93m14[0m - [91merror[0m[90m TS1005: [0m';' expected.

[7m392[0m      * both `Referrer` and `Referer` are interchangeable.
[7m   [0m [91m             ~~~~~~~~[0m
[96mnode_modules/@types/express-serve-static-core/index.d.ts[0m:[93m392[0m:[93m14[0m - [91merror[0m[90m TS2304: [0mCannot find name 'Referrer'.

[7m392[0m      * both `Referrer` and `Referer` are interchangeable.
[7m   [0m [91m             ~~~~~~~~[0m
[96mnode_modules/@types/express-serve-static-core/index.d.ts[0m:[93m392[0m:[93m29[0m - [91merror[0m[90m TS1005: [0m';' expected.

[7m392[0m      * both `Referrer` and `Referer` are interchangeable.
[7m   [0m [91m                            ~~~~~~~[0m
[96mnode_modules/@types/express-serve-static-core/index.d.ts[0m:[93m392[0m:[93m29[0m - [91merror[0m[90m TS2304: [0mCannot find name 'Referer'.

[7m392[0m      * both `Referrer` and `Referer` are interchangeable.
[7m   [0m [91m                            ~~~~~~~[0m
[96mnode_modules/@types/express-serve-static-core/index.d.ts[0m:[93m405[0m:[93m20[0m - [91merror[0m[90m TS1005: [0m';' expected.

[7m405[0m      * Aliased as `req.header()`.
[7m   [0m [91m                   ~~~[0m
[96mnode_modules/@types/express-serve-static-core/index.d.ts[0m:[93m405[0m:[93m20[0m - [91merror[0m[90m TS2304: [0mCannot find name 'req'.

[7m405[0m      * Aliased as `req.header()`.
[7m   [0m [91m                   ~~~[0m
[96mnode_modules/@types/express-serve-static-core/index.d.ts[0m:[93m414[0m:[93m28[0m - [91merror[0m[90m TS1005: [0m';' expected.

[7m414[0m      * Check if the given `type(s)` is acceptable, returning
[7m   [0m [91m                           ~~~~[0m
[96mnode_modules/@types/express-serve-static-core/index.d.ts[0m:[93m414[0m:[93m28[0m - [91merror[0m[90m TS2304: [0mCannot find name 'type'.

[7m414[0m      * Check if the given `type(s)` is acceptable, returning
[7m   [0m [91m                           ~~~~[0m
[96mnode_modules/@types/express-serve-static-core/index.d.ts[0m:[93m414[0m:[93m33[0m - [91merror[0m[90m TS2304: [0mCannot find name 's'.

[7m414[0m      * Check if the given `type(s)` is acceptable, returning
[7m   [0m [91m                                ~[0m
[96mnode_modules/@types/express-serve-static-core/index.d.ts[0m:[93m415[0m:[93m45[0m - [91merror[0m[90m TS1005: [0m';' expected.

[7m415[0m      * the best match when true, otherwise `undefined`, in which
[7m   [0m [91m                                            ~~~~~~~~~[0m
[96mnode_modules/@types/express-serve-static-core/index.d.ts[0m:[93m418[0m:[93m13[0m - [91merror[0m[90m TS1005: [0m';' expected.

[7m418[0m      * The `type` value may be a single mime type string
[7m   [0m [91m            ~~~~[0m
[96mnode_modules/@types/express-serve-static-core/index.d.ts[0m:[93m418[0m:[93m13[0m - [91merror[0m[90m TS2304: [0mCannot find name 'type'.

[7m418[0m      * The `type` value may be a single mime type string
[7m   [0m [91m            ~~~~[0m
[96mnode_modules/@types/express-serve-static-core/index.d.ts[0m:[93m421[0m:[93m22[0m - [91merror[0m[90m TS2695: [0mLeft side of comma operator is unused and has no side effects.

[7m421[0m      * or an array `["json", "html", "text/plain"]`. When a list
[7m   [0m [91m                     ~~~~~~[0m
[96mnode_modules/@types/express-serve-static-core/index.d.ts[0m:[93m421[0m:[93m22[0m - [91merror[0m[90m TS2695: [0mLeft side of comma operator is unused and has no side effects.

[7m421[0m      * or an array `["json", "html", "text/plain"]`. When a list
[7m   [0m [91m                     ~~~~~~~~~~~~~~[0m
[96mnode_modules/@types/express-serve-static-core/index.d.ts[0m:[93m492[0m:[93m56[0m - [91merror[0m[90m TS1005: [0m';' expected.

[7m492[0m      * Parse Range header field, capping to the given `size`.
[7m   [0m [91m                                                       ~~~~[0m
[96mnode_modules/@types/express-serve-static-core/index.d.ts[0m:[93m492[0m:[93m56[0m - [91merror[0m[90m TS2304: [0mCannot find name 'size'.

[7m492[0m      * Parse Range header field, capping to the given `size`.
[7m   [0m [91m                                                       ~~~~[0m
[96mnode_modules/@types/express-serve-static-core/index.d.ts[0m:[93m496[0m:[93m48[0m - [91merror[0m[90m TS1005: [0m';' expected.

[7m496[0m      * If the Range header field is not given `undefined` is returned.
[7m   [0m [91m                                               ~~~~~~~~~[0m
[96mnode_modules/@types/express-serve-static-core/index.d.ts[0m:[93m515[0m:[93m35[0m - [91merror[0m[90m TS1005: [0m';' expected.

[7m515[0m      * Return the value of param `name` when present or `defaultValue`.
[7m   [0m [91m                                  ~~~~[0m
[96mnode_modules/@types/express-serve-static-core/index.d.ts[0m:[93m515[0m:[93m35[0m - [91merror[0m[90m TS2349: [0mThis expression is not callable.
  Type 'never' has no call signatures.

[7m515[0m      * Return the value of param `name` when present or `defaultValue`.
[7m   [0m [91m                                  ~~~~[0m
[96mnode_modules/@types/express-serve-static-core/index.d.ts[0m:[93m515[0m:[93m58[0m - [91merror[0m[90m TS1005: [0m';' expected.

[7m515[0m      * Return the value of param `name` when present or `defaultValue`.
[7m   [0m [91m                                                         ~~~~~~~~~~~~[0m
[96mnode_modules/@types/express-serve-static-core/index.d.ts[0m:[93m515[0m:[93m58[0m - [91merror[0m[90m TS2304: [0mCannot find name 'defaultValue'.

[7m515[0m      * Return the value of param `name` when present or `defaultValue`.
[7m   [0m [91m                                                         ~~~~~~~~~~~~[0m
[96mnode_modules/@types/express-serve-static-core/index.d.ts[0m:[93m521[0m:[93m36[0m - [91merror[0m[90m TS1005: [0m';' expected.

[7m521[0m      * To utilize request bodies, `req.body`
[7m   [0m [91m                                   ~~~[0m
[96mnode_modules/@types/express-serve-static-core/index.d.ts[0m:[93m521[0m:[93m36[0m - [91merror[0m[90m TS2304: [0mCannot find name 'req'.

[7m521[0m      * To utilize request bodies, `req.body`
[7m   [0m [91m                                   ~~~[0m
[96mnode_modules/@types/express-serve-static-core/index.d.ts[0m:[93m523[0m:[93m13[0m - [91merror[0m[90m TS1005: [0m';' expected.

[7m523[0m      * the `connect.bodyParser()` middleware.
[7m   [0m [91m            ~~~~~~~[0m
[96mnode_modules/@types/express-serve-static-core/index.d.ts[0m:[93m523[0m:[93m13[0m - [91merror[0m[90m TS2304: [0mCannot find name 'connect'.

[7m523[0m      * the `connect.bodyParser()` middleware.
[7m   [0m [91m            ~~~~~~~[0m
[96mnode_modules/@types/express-serve-static-core/index.d.ts[0m:[93m529[0m:[93m53[0m - [91merror[0m[90m TS1005: [0m';' expected.

[7m529[0m      * header field, and it contains the give mime `type`.
[7m   [0m [91m                                                    ~~~~[0m
[96mnode_modules/@types/express-serve-static-core/index.d.ts[0m:[93m529[0m:[93m53[0m - [91merror[0m[90m TS2304: [0mCannot find name 'type'.

[7m529[0m      * header field, and it contains the give mime `type`.
[7m   [0m [91m                                                    ~~~~[0m
[96mnode_modules/@types/express-serve-static-core/index.d.ts[0m:[93m569[0m:[93m26[0m - [91merror[0m[90m TS1005: [0m';' expected.

[7m569[0m      * "trust proxy" is `true` return
[7m   [0m [91m                         ~~~~[0m
[96mnode_modules/@types/express-serve-static-core/index.d.ts[0m:[93m569[0m:[93m26[0m - [91merror[0m[90m TS2349: [0mThis expression is not callable.
  Type 'Boolean' has no call signatures.

[7m569[0m      * "trust proxy" is `true` return
[7m   [0m [91m                         ~~~~[0m
[96mnode_modules/@types/express-serve-static-core/index.d.ts[0m:[93m575[0m:[93m31[0m - [91merror[0m[90m TS1005: [0m';' expected.

[7m575[0m      * When "trust proxy" is `true`, parse
[7m   [0m [91m                              ~~~~[0m
[96mnode_modules/@types/express-serve-static-core/index.d.ts[0m:[93m575[0m:[93m31[0m - [91merror[0m[90m TS2349: [0mThis expression is not callable.
  Type 'Boolean' has no call signatures.

[7m575[0m      * When "trust proxy" is `true`, parse
[7m   [0m [91m                              ~~~~[0m
[96mnode_modules/@types/express-serve-static-core/index.d.ts[0m:[93m579[0m:[93m38[0m - [91merror[0m[90m TS2695: [0mLeft side of comma operator is unused and has no side effects.

[7m579[0m      * you would receive the array `["client", "proxy1", "proxy2"]`
[7m   [0m [91m                                     ~~~~~~~~[0m
[96mnode_modules/@types/express-serve-static-core/index.d.ts[0m:[93m579[0m:[93m38[0m - [91merror[0m[90m TS2695: [0mLeft side of comma operator is unused and has no side effects.

[7m579[0m      * you would receive the array `["client", "proxy1", "proxy2"]`
[7m   [0m [91m                                     ~~~~~~~~~~~~~~~~~~[0m
[96mnode_modules/@types/express-serve-static-core/index.d.ts[0m:[93m592[0m:[93m62[0m - [91merror[0m[90m TS2695: [0mLeft side of comma operator is unused and has no side effects.

[7m592[0m      * If "subdomain offset" is not set, req.subdomains is `["ferrets", "tobi"]`.
[7m   [0m [91m                                                             ~~~~~~~~~[0m
[96mnode_modules/@types/express-serve-static-core/index.d.ts[0m:[93m598[0m:[93m24[0m - [91merror[0m[90m TS1005: [0m';' expected.

[7m598[0m      * Short-hand for `url.parse(req.url).pathname`.
[7m   [0m [91m                       ~~~[0m
[96mnode_modules/@types/express-serve-static-core/index.d.ts[0m:[93m598[0m:[93m24[0m - [91merror[0m[90m TS2304: [0mCannot find name 'url'.

[7m598[0m      * Short-hand for `url.parse(req.url).pathname`.
[7m   [0m [91m                       ~~~[0m
[96mnode_modules/@types/express-serve-static-core/index.d.ts[0m:[93m598[0m:[93m34[0m - [91merror[0m[90m TS2304: [0mCannot find name 'req'.

[7m598[0m      * Short-hand for `url.parse(req.url).pathname`.
[7m   [0m [91m                                 ~~~[0m
[96mnode_modules/@types/express-serve-static-core/index.d.ts[0m:[93m679[0m:[93m20[0m - [91merror[0m[90m TS1005: [0m';' expected.

[7m679[0m      * Set status `code`.
[7m   [0m [91m                   ~~~~[0m
[96mnode_modules/@types/express-serve-static-core/index.d.ts[0m:[93m679[0m:[93m20[0m - [91merror[0m[90m TS2304: [0mCannot find name 'code'.

[7m679[0m      * Set status `code`.
[7m   [0m [91m                   ~~~~[0m
[96mnode_modules/@types/express-serve-static-core/index.d.ts[0m:[93m684[0m:[93m46[0m - [91merror[0m[90m TS1005: [0m';' expected.

[7m684[0m      * Set the response HTTP status code to `statusCode` and send its string representation as the response body.
[7m   [0m [91m                                             ~~~~~~~~~~[0m
[96mnode_modules/@types/express-serve-static-core/index.d.ts[0m:[93m684[0m:[93m46[0m - [91merror[0m[90m TS2304: [0mCannot find name 'statusCode'.

[7m684[0m      * Set the response HTTP status code to `statusCode` and send its string representation as the response body.
[7m   [0m [91m                                             ~~~~~~~~~~[0m
[96mnode_modules/@types/express-serve-static-core/index.d.ts[0m:[93m697[0m:[93m46[0m - [91merror[0m[90m TS1005: [0m';' expected.

[7m697[0m      * Set Link header field with the given `links`.
[7m   [0m [91m                                             ~~~~~[0m
[96mnode_modules/@types/express-serve-static-core/index.d.ts[0m:[93m697[0m:[93m46[0m - [91merror[0m[90m TS2304: [0mCannot find name 'links'.

[7m697[0m      * Set Link header field with the given `links`.
[7m   [0m [91m                                             ~~~~~[0m
[96mnode_modules/@types/express-serve-static-core/index.d.ts[0m:[93m745[0m:[93m40[0m - [91merror[0m[90m TS1005: [0m';' expected.

[7m745[0m      * Transfer the file at the given `path`.
[7m   [0m [91m                                       ~~~~[0m
[96mnode_modules/@types/express-serve-static-core/index.d.ts[0m:[93m745[0m:[93m40[0m - [91merror[0m[90m TS2304: [0mCannot find name 'path'.

[7m745[0m      * Transfer the file at the given `path`.
[7m   [0m [91m                                       ~~~~[0m
[96mnode_modules/@types/express-serve-static-core/index.d.ts[0m:[93m748[0m:[93m22[0m - [91merror[0m[90m TS1005: [0m';' expected.

[7m748[0m      * The callback `fn(err)` is invoked when the transfer is complete
[7m   [0m [91m                     ~~[0m
[96mnode_modules/@types/express-serve-static-core/index.d.ts[0m:[93m748[0m:[93m22[0m - [91merror[0m[90m TS2304: [0mCannot find name 'fn'.

[7m748[0m      * The callback `fn(err)` is invoked when the transfer is complete
[7m   [0m [91m                     ~~[0m
[96mnode_modules/@types/express-serve-static-core/index.d.ts[0m:[93m748[0m:[93m25[0m - [91merror[0m[90m TS2304: [0mCannot find name 'err'.

[7m748[0m      * The callback `fn(err)` is invoked when the transfer is complete
[7m   [0m [91m                        ~~~[0m
[96mnode_modules/@types/express-serve-static-core/index.d.ts[0m:[93m749[0m:[93m51[0m - [91merror[0m[90m TS1005: [0m';' expected.

[7m749[0m      * or when an error occurs. Be sure to check `res.headersSent`
[7m   [0m [91m                                                  ~~~[0m
[96mnode_modules/@types/express-serve-static-core/index.d.ts[0m:[93m749[0m:[93m51[0m - [91merror[0m[90m TS2304: [0mCannot find name 'res'.

[7m749[0m      * or when an error occurs. Be sure to check `res.headersSent`
[7m   [0m [91m                                                  ~~~[0m
[96mnode_modules/@types/express-serve-static-core/index.d.ts[0m:[93m755[0m:[93m13[0m - [91merror[0m[90m TS1005: [0m';' expected.

[7m755[0m      *   - `maxAge`   defaulting to 0 (can be string converted by `ms`)
[7m   [0m [91m            ~~~~~~[0m
[96mnode_modules/@types/express-serve-static-core/index.d.ts[0m:[93m755[0m:[93m13[0m - [91merror[0m[90m TS2304: [0mCannot find name 'maxAge'.

[7m755[0m      *   - `maxAge`   defaulting to 0 (can be string converted by `ms`)
[7m   [0m [91m            ~~~~~~[0m
[96mnode_modules/@types/express-serve-static-core/index.d.ts[0m:[93m755[0m:[93m68[0m - [91merror[0m[90m TS1005: [0m';' expected.

[7m755[0m      *   - `maxAge`   defaulting to 0 (can be string converted by `ms`)
[7m   [0m [91m                                                                   ~~[0m
[96mnode_modules/@types/express-serve-static-core/index.d.ts[0m:[93m755[0m:[93m68[0m - [91merror[0m[90m TS2304: [0mCannot find name 'ms'.

[7m755[0m      *   - `maxAge`   defaulting to 0 (can be string converted by `ms`)
[7m   [0m [91m                                                                   ~~[0m
[96mnode_modules/@types/express-serve-static-core/index.d.ts[0m:[93m756[0m:[93m13[0m - [91merror[0m[90m TS1005: [0m';' expected.

[7m756[0m      *   - `root`     root directory for relative filenames
[7m   [0m [91m            ~~~~[0m
[96mnode_modules/@types/express-serve-static-core/index.d.ts[0m:[93m756[0m:[93m13[0m - [91merror[0m[90m TS2304: [0mCannot find name 'root'.

[7m756[0m      *   - `root`     root directory for relative filenames
[7m   [0m [91m            ~~~~[0m
[96mnode_modules/@types/express-serve-static-core/index.d.ts[0m:[93m757[0m:[93m13[0m - [91merror[0m[90m TS1005: [0m';' expected.

[7m757[0m      *   - `headers`  object of headers to serve with file
[7m   [0m [91m            ~~~~~~~[0m
[96mnode_modules/@types/express-serve-static-core/index.d.ts[0m:[93m757[0m:[93m13[0m - [91merror[0m[90m TS2304: [0mCannot find name 'headers'.

[7m757[0m      *   - `headers`  object of headers to serve with file
[7m   [0m [91m            ~~~~~~~[0m
[96mnode_modules/@types/express-serve-static-core/index.d.ts[0m:[93m758[0m:[93m13[0m - [91merror[0m[90m TS1005: [0m';' expected.

[7m758[0m      *   - `dotfiles` serve dotfiles, defaulting to false; can be `"allow"` to send them
[7m   [0m [91m            ~~~~~~~~[0m
[96mnode_modules/@types/express-serve-static-core/index.d.ts[0m:[93m758[0m:[93m13[0m - [91merror[0m[90m TS2304: [0mCannot find name 'dotfiles'.

[7m758[0m      *   - `dotfiles` serve dotfiles, defaulting to false; can be `"allow"` to send them
[7m   [0m [91m            ~~~~~~~~[0m
[96mnode_modules/@types/express-serve-static-core/index.d.ts[0m:[93m758[0m:[93m68[0m - [91merror[0m[90m TS1005: [0m';' expected.

[7m758[0m      *   - `dotfiles` serve dotfiles, defaulting to false; can be `"allow"` to send them
[7m   [0m [91m                                                                   ~~~~~~~[0m
[96mnode_modules/@types/express-serve-static-core/index.d.ts[0m:[93m758[0m:[93m68[0m - [91merror[0m[90m TS2349: [0mThis expression is not callable.
  Type 'String' has no call signatures.

[7m758[0m      *   - `dotfiles` serve dotfiles, defaulting to false; can be `"allow"` to send them
[7m   [0m [91m                                                                   ~~~~~~~[0m
[96mnode_modules/@types/express-serve-static-core/index.d.ts[0m:[93m760[0m:[93m43[0m - [91merror[0m[90m TS1005: [0m';' expected.

[7m760[0m      * Other options are passed along to `send`.
[7m   [0m [91m                                          ~~~~[0m
[96mnode_modules/@types/express-serve-static-core/index.d.ts[0m:[93m760[0m:[93m43[0m - [91merror[0m[90m TS2304: [0mCannot find name 'send'.

[7m760[0m      * Other options are passed along to `send`.
[7m   [0m [91m                                          ~~~~[0m
[96mnode_modules/@types/express-serve-static-core/index.d.ts[0m:[93m764[0m:[93m48[0m - [91merror[0m[90m TS1005: [0m';' expected.

[7m764[0m      *  The following example illustrates how `res.sendFile()` may
[7m   [0m [91m                                               ~~~[0m
[96mnode_modules/@types/express-serve-static-core/index.d.ts[0m:[93m764[0m:[93m48[0m - [91merror[0m[90m TS2304: [0mCannot find name 'res'.

[7m764[0m      *  The following example illustrates how `res.sendFile()` may
[7m   [0m [91m                                               ~~~[0m
[96mnode_modules/@types/express-serve-static-core/index.d.ts[0m:[93m765[0m:[93m44[0m - [91merror[0m[90m TS1005: [0m';' expected.

[7m765[0m      *  be used as an alternative for the `static()` middleware for
[7m   [0m [91m                                           ~~~~~~[0m
[96mnode_modules/@types/express-serve-static-core/index.d.ts[0m:[93m765[0m:[93m44[0m - [91merror[0m[90m TS2304: [0mCannot find name 'static'.

[7m765[0m      *  be used as an alternative for the `static()` middleware for
[7m   [0m [91m                                           ~~~~~~[0m
[96mnode_modules/@types/express-serve-static-core/index.d.ts[0m:[93m766[0m:[93m47[0m - [91merror[0m[90m TS1005: [0m';' expected.

[7m766[0m      *  dynamic situations. The code backing `res.sendFile()` is actually
[7m   [0m [91m                                              ~~~[0m
[96mnode_modules/@types/express-serve-static-core/index.d.ts[0m:[93m766[0m:[93m47[0m - [91merror[0m[90m TS2304: [0mCannot find name 'res'.

[7m766[0m      *  dynamic situations. The code backing `res.sendFile()` is actually
[7m   [0m [91m                                              ~~~[0m
[96mnode_modules/@types/express-serve-static-core/index.d.ts[0m:[93m805[0m:[93m40[0m - [91merror[0m[90m TS1005: [0m';' expected.

[7m805[0m      * Transfer the file at the given `path` as an attachment.
[7m   [0m [91m                                       ~~~~[0m
[96mnode_modules/@types/express-serve-static-core/index.d.ts[0m:[93m805[0m:[93m40[0m - [91merror[0m[90m TS2304: [0mCannot find name 'path'.

[7m805[0m      * Transfer the file at the given `path` as an attachment.
[7m   [0m [91m                                       ~~~~[0m
[96mnode_modules/@types/express-serve-static-core/index.d.ts[0m:[93m807[0m:[93m54[0m - [91merror[0m[90m TS1005: [0m';' expected.

[7m807[0m      * Optionally providing an alternate attachment `filename`,
[7m   [0m [91m                                                     ~~~~~~~~[0m
[96mnode_modules/@types/express-serve-static-core/index.d.ts[0m:[93m807[0m:[93m54[0m - [91merror[0m[90m TS2304: [0mCannot find name 'filename'.

[7m807[0m      * Optionally providing an alternate attachment `filename`,
[7m   [0m [91m                                                     ~~~~~~~~[0m
[96mnode_modules/@types/express-serve-static-core/index.d.ts[0m:[93m808[0m:[93m31[0m - [91merror[0m[90m TS1005: [0m';' expected.

[7m808[0m      * and optional callback `fn(err)`. The callback is invoked
[7m   [0m [91m                              ~~[0m
[96mnode_modules/@types/express-serve-static-core/index.d.ts[0m:[93m808[0m:[93m31[0m - [91merror[0m[90m TS2304: [0mCannot find name 'fn'.

[7m808[0m      * and optional callback `fn(err)`. The callback is invoked
[7m   [0m [91m                              ~~[0m
[96mnode_modules/@types/express-serve-static-core/index.d.ts[0m:[93m808[0m:[93m34[0m - [91merror[0m[90m TS2304: [0mCannot find name 'err'.

[7m808[0m      * and optional callback `fn(err)`. The callback is invoked
[7m   [0m [91m                                 ~~~[0m
[96mnode_modules/@types/express-serve-static-core/index.d.ts[0m:[93m810[0m:[93m35[0m - [91merror[0m[90m TS1005: [0m';' expected.

[7m810[0m      * ocurred. Be sure to check `res.headersSent` if you plan to respond.
[7m   [0m [91m                                  ~~~[0m
[96mnode_modules/@types/express-serve-static-core/index.d.ts[0m:[93m810[0m:[93m35[0m - [91merror[0m[90m TS2304: [0mCannot find name 'res'.

[7m810[0m      * ocurred. Be sure to check `res.headersSent` if you plan to respond.
[7m   [0m [91m                                  ~~~[0m
[96mnode_modules/@types/express-serve-static-core/index.d.ts[0m:[93m815[0m:[93m26[0m - [91merror[0m[90m TS1005: [0m';' expected.

[7m815[0m      * This method uses `res.sendfile()`.
[7m   [0m [91m                         ~~~[0m
[96mnode_modules/@types/express-serve-static-core/index.d.ts[0m:[93m815[0m:[93m26[0m - [91merror[0m[90m TS2304: [0mCannot find name 'res'.

[7m815[0m      * This method uses `res.sendfile()`.
[7m   [0m [91m                         ~~~[0m
[96mnode_modules/@types/express-serve-static-core/index.d.ts[0m:[93m822[0m:[93m49[0m - [91merror[0m[90m TS1005: [0m';' expected.

[7m822[0m      * Set _Content-Type_ response header with `type` through `mime.lookup()`
[7m   [0m [91m                                                ~~~~[0m
[96mnode_modules/@types/express-serve-static-core/index.d.ts[0m:[93m822[0m:[93m49[0m - [91merror[0m[90m TS2304: [0mCannot find name 'type'.

[7m822[0m      * Set _Content-Type_ response header with `type` through `mime.lookup()`
[7m   [0m [91m                                                ~~~~[0m
[96mnode_modules/@types/express-serve-static-core/index.d.ts[0m:[93m822[0m:[93m64[0m - [91merror[0m[90m TS1005: [0m';' expected.

[7m822[0m      * Set _Content-Type_ response header with `type` through `mime.lookup()`
[7m   [0m [91m                                                               ~~~~[0m
[96mnode_modules/@types/express-serve-static-core/index.d.ts[0m:[93m822[0m:[93m64[0m - [91merror[0m[90m TS2686: [0m'mime' refers to a UMD global, but the current file is a module. Consider adding an import instead.

[7m822[0m      * Set _Content-Type_ response header with `type` through `mime.lookup()`
[7m   [0m [91m                                                               ~~~~[0m
[96mnode_modules/@types/express-serve-static-core/index.d.ts[0m:[93m822[0m:[93m69[0m - [91merror[0m[90m TS2339: [0mProperty 'lookup' does not exist on type 'Mime'.

[7m822[0m      * Set _Content-Type_ response header with `type` through `mime.lookup()`
[7m   [0m [91m                                                                    ~~~~~~[0m
[96mnode_modules/@types/express-serve-static-core/index.d.ts[0m:[93m823[0m:[93m66[0m - [91merror[0m[90m TS1005: [0m';' expected.

[7m823[0m      * when it does not contain "/", or set the Content-Type to `type` otherwise.
[7m   [0m [91m                                                                 ~~~~[0m
[96mnode_modules/@types/express-serve-static-core/index.d.ts[0m:[93m823[0m:[93m66[0m - [91merror[0m[90m TS2304: [0mCannot find name 'type'.

[7m823[0m      * when it does not contain "/", or set the Content-Type to `type` otherwise.
[7m   [0m [91m                                                                 ~~~~[0m
[96mnode_modules/@types/express-serve-static-core/index.d.ts[0m:[93m836[0m:[93m49[0m - [91merror[0m[90m TS1005: [0m';' expected.

[7m836[0m      * Set _Content-Type_ response header with `type` through `mime.lookup()`
[7m   [0m [91m                                                ~~~~[0m
[96mnode_modules/@types/express-serve-static-core/index.d.ts[0m:[93m836[0m:[93m49[0m - [91merror[0m[90m TS2304: [0mCannot find name 'type'.

[7m836[0m      * Set _Content-Type_ response header with `type` through `mime.lookup()`
[7m   [0m [91m                                                ~~~~[0m
[96mnode_modules/@types/express-serve-static-core/index.d.ts[0m:[93m836[0m:[93m64[0m - [91merror[0m[90m TS1005: [0m';' expected.

[7m836[0m      * Set _Content-Type_ response header with `type` through `mime.lookup()`
[7m   [0m [91m                                                               ~~~~[0m
[96mnode_modules/@types/express-serve-static-core/index.d.ts[0m:[93m836[0m:[93m64[0m - [91merror[0m[90m TS2686: [0m'mime' refers to a UMD global, but the current file is a module. Consider adding an import instead.

[7m836[0m      * Set _Content-Type_ response header with `type` through `mime.lookup()`
[7m   [0m [91m                                                               ~~~~[0m
[96mnode_modules/@types/express-serve-static-core/index.d.ts[0m:[93m836[0m:[93m69[0m - [91merror[0m[90m TS2339: [0mProperty 'lookup' does not exist on type 'Mime'.

[7m836[0m      * Set _Content-Type_ response header with `type` through `mime.lookup()`
[7m   [0m [91m                                                                    ~~~~~~[0m
[96mnode_modules/@types/express-serve-static-core/index.d.ts[0m:[93m837[0m:[93m66[0m - [91merror[0m[90m TS1005: [0m';' expected.

[7m837[0m      * when it does not contain "/", or set the Content-Type to `type` otherwise.
[7m   [0m [91m                                                                 ~~~~[0m
[96mnode_modules/@types/express-serve-static-core/index.d.ts[0m:[93m837[0m:[93m66[0m - [91merror[0m[90m TS2304: [0mCannot find name 'type'.

[7m837[0m      * when it does not contain "/", or set the Content-Type to `type` otherwise.
[7m   [0m [91m                                                                 ~~~~[0m
[96mnode_modules/@types/express-serve-static-core/index.d.ts[0m:[93m850[0m:[93m52[0m - [91merror[0m[90m TS1005: [0m';' expected.

[7m850[0m      * Respond to the Acceptable formats using an `obj`
[7m   [0m [91m                                                   ~~~[0m
[96mnode_modules/@types/express-serve-static-core/index.d.ts[0m:[93m850[0m:[93m52[0m - [91merror[0m[90m TS2304: [0mCannot find name 'obj'.

[7m850[0m      * Respond to the Acceptable formats using an `obj`
[7m   [0m [91m                                                   ~~~[0m
[96mnode_modules/@types/express-serve-static-core/index.d.ts[0m:[93m853[0m:[93m26[0m - [91merror[0m[90m TS1005: [0m';' expected.

[7m853[0m      * This method uses `req.accepted`, an array of
[7m   [0m [91m                         ~~~[0m
[96mnode_modules/@types/express-serve-static-core/index.d.ts[0m:[93m853[0m:[93m26[0m - [91merror[0m[90m TS2304: [0mCannot find name 'req'.

[7m853[0m      * This method uses `req.accepted`, an array of
[7m   [0m [91m                         ~~~[0m
[96mnode_modules/@types/express-serve-static-core/index.d.ts[0m:[93m861[0m:[93m54[0m - [91merror[0m[90m TS1005: [0m';' expected.

[7m861[0m      * you may alter this within the callback using `res.type()`
[7m   [0m [91m                                                     ~~~[0m
[96mnode_modules/@types/express-serve-static-core/index.d.ts[0m:[93m861[0m:[93m54[0m - [91merror[0m[90m TS2304: [0mCannot find name 'res'.

[7m861[0m      * you may alter this within the callback using `res.type()`
[7m   [0m [91m                                                     ~~~[0m
[96mnode_modules/@types/express-serve-static-core/index.d.ts[0m:[93m862[0m:[93m12[0m - [91merror[0m[90m TS1005: [0m';' expected.

[7m862[0m      * or `res.set('Content-Type', ...)`.
[7m   [0m [91m           ~~~[0m
[96mnode_modules/@types/express-serve-static-core/index.d.ts[0m:[93m862[0m:[93m12[0m - [91merror[0m[90m TS2304: [0mCannot find name 'res'.

[7m862[0m      * or `res.set('Content-Type', ...)`.
[7m   [0m [91m           ~~~[0m
[96mnode_modules/@types/express-serve-static-core/index.d.ts[0m:[93m862[0m:[93m39[0m - [91merror[0m[90m TS1109: [0mExpression expected.

[7m862[0m      * or `res.set('Content-Type', ...)`.
[7m   [0m [91m                                      ~[0m
[96mnode_modules/@types/express-serve-static-core/index.d.ts[0m:[93m895[0m:[93m38[0m - [91merror[0m[90m TS1005: [0m';' expected.

[7m895[0m      * By default Express passes an `Error`
[7m   [0m [91m                                     ~~~~~[0m
[96mnode_modules/@types/express-serve-static-core/index.d.ts[0m:[93m895[0m:[93m43[0m - [91merror[0m[90m TS2345: [0mArgument of type 'TemplateStringsArray' is not assignable to parameter of type 'string'.

[7m895[0m      * By default Express passes an `Error`
[7m   [0m [91m                                          ~[0m
[7m896[0m      * with a `.status` of 406 to `next(err)`
[7m   [0m [91m~~~~~~~~~~~~~~~[0m
[96mnode_modules/@types/express-serve-static-core/index.d.ts[0m:[93m896[0m:[93m17[0m - [91merror[0m[90m TS2339: [0mProperty 'status' does not exist on type 'Error'.

[7m896[0m      * with a `.status` of 406 to `next(err)`
[7m   [0m [91m                ~~~~~~[0m
[96mnode_modules/@types/express-serve-static-core/index.d.ts[0m:[93m896[0m:[93m36[0m - [91merror[0m[90m TS1005: [0m';' expected.

[7m896[0m      * with a `.status` of 406 to `next(err)`
[7m   [0m [91m                                   ~~~~[0m
[96mnode_modules/@types/express-serve-static-core/index.d.ts[0m:[93m896[0m:[93m36[0m - [91merror[0m[90m TS2304: [0mCannot find name 'next'.

[7m896[0m      * with a `.status` of 406 to `next(err)`
[7m   [0m [91m                                   ~~~~[0m
[96mnode_modules/@types/express-serve-static-core/index.d.ts[0m:[93m896[0m:[93m41[0m - [91merror[0m[90m TS2304: [0mCannot find name 'err'.

[7m896[0m      * with a `.status` of 406 to `next(err)`
[7m   [0m [91m                                        ~~~[0m
[96mnode_modules/@types/express-serve-static-core/index.d.ts[0m:[93m904[0m:[93m72[0m - [91merror[0m[90m TS1005: [0m';' expected.

[7m904[0m      * Set _Content-Disposition_ header to _attachment_ with optional `filename`.
[7m   [0m [91m                                                                       ~~~~~~~~[0m
[96mnode_modules/@types/express-serve-static-core/index.d.ts[0m:[93m904[0m:[93m72[0m - [91merror[0m[90m TS2304: [0mCannot find name 'filename'.

[7m904[0m      * Set _Content-Disposition_ header to _attachment_ with optional `filename`.
[7m   [0m [91m                                                                       ~~~~~~~~[0m
[96mnode_modules/@types/express-serve-static-core/index.d.ts[0m:[93m909[0m:[93m20[0m - [91merror[0m[90m TS1005: [0m';' expected.

[7m909[0m      * Set header `field` to `val`, or pass
[7m   [0m [91m                   ~~~~~[0m
[96mnode_modules/@types/express-serve-static-core/index.d.ts[0m:[93m909[0m:[93m20[0m - [91merror[0m[90m TS2304: [0mCannot find name 'field'.

[7m909[0m      * Set header `field` to `val`, or pass
[7m   [0m [91m                   ~~~~~[0m
[96mnode_modules/@types/express-serve-static-core/index.d.ts[0m:[93m909[0m:[93m31[0m - [91merror[0m[90m TS1005: [0m';' expected.

[7m909[0m      * Set header `field` to `val`, or pass
[7m   [0m [91m                              ~~~[0m
[96mnode_modules/@types/express-serve-static-core/index.d.ts[0m:[93m909[0m:[93m31[0m - [91merror[0m[90m TS2304: [0mCannot find name 'val'.

[7m909[0m      * Set header `field` to `val`, or pass
[7m   [0m [91m                              ~~~[0m
[96mnode_modules/@types/express-serve-static-core/index.d.ts[0m:[93m918[0m:[93m20[0m - [91merror[0m[90m TS1005: [0m';' expected.

[7m918[0m      * Aliased as `res.header()`.
[7m   [0m [91m                   ~~~[0m
[96mnode_modules/@types/express-serve-static-core/index.d.ts[0m:[93m918[0m:[93m20[0m - [91merror[0m[90m TS2304: [0mCannot find name 'res'.

[7m918[0m      * Aliased as `res.header()`.
[7m   [0m [91m                   ~~~[0m
[96mnode_modules/@types/express-serve-static-core/index.d.ts[0m:[93m929[0m:[93m31[0m - [91merror[0m[90m TS1005: [0m';' expected.

[7m929[0m     /** Get value for header `field`. */
[7m   [0m [91m                              ~~~~~[0m
[96mnode_modules/@types/express-serve-static-core/index.d.ts[0m:[93m929[0m:[93m31[0m - [91merror[0m[90m TS2304: [0mCannot find name 'field'.

[7m929[0m     /** Get value for header `field`. */
[7m   [0m [91m                              ~~~~~[0m
[96mnode_modules/@types/express-serve-static-core/index.d.ts[0m:[93m932[0m:[93m23[0m - [91merror[0m[90m TS1005: [0m';' expected.

[7m932[0m     /** Clear cookie `name`. */
[7m   [0m [91m                      ~~~~[0m
[96mnode_modules/@types/express-serve-static-core/index.d.ts[0m:[93m932[0m:[93m23[0m - [91merror[0m[90m TS2349: [0mThis expression is not callable.
  Type 'never' has no call signatures.

[7m932[0m     /** Clear cookie `name`. */
[7m   [0m [91m                      ~~~~[0m
[96mnode_modules/@types/express-serve-static-core/index.d.ts[0m:[93m936[0m:[93m20[0m - [91merror[0m[90m TS1005: [0m';' expected.

[7m936[0m      * Set cookie `name` to `val`, with the given `options`.
[7m   [0m [91m                   ~~~~[0m
[96mnode_modules/@types/express-serve-static-core/index.d.ts[0m:[93m936[0m:[93m20[0m - [91merror[0m[90m TS2349: [0mThis expression is not callable.
  Type 'never' has no call signatures.

[7m936[0m      * Set cookie `name` to `val`, with the given `options`.
[7m   [0m [91m                   ~~~~[0m
[96mnode_modules/@types/express-serve-static-core/index.d.ts[0m:[93m936[0m:[93m30[0m - [91merror[0m[90m TS1005: [0m';' expected.

[7m936[0m      * Set cookie `name` to `val`, with the given `options`.
[7m   [0m [91m                             ~~~[0m
[96mnode_modules/@types/express-serve-static-core/index.d.ts[0m:[93m936[0m:[93m30[0m - [91merror[0m[90m TS2304: [0mCannot find name 'val'.

[7m936[0m      * Set cookie `name` to `val`, with the given `options`.
[7m   [0m [91m                             ~~~[0m
[96mnode_modules/@types/express-serve-static-core/index.d.ts[0m:[93m936[0m:[93m52[0m - [91merror[0m[90m TS1005: [0m';' expected.

[7m936[0m      * Set cookie `name` to `val`, with the given `options`.
[7m   [0m [91m                                                   ~~~~~~~[0m
[96mnode_modules/@types/express-serve-static-core/index.d.ts[0m:[93m936[0m:[93m52[0m - [91merror[0m[90m TS2304: [0mCannot find name 'options'.

[7m936[0m      * Set cookie `name` to `val`, with the given `options`.
[7m   [0m [91m                                                   ~~~~~~~[0m
[96mnode_modules/@types/express-serve-static-core/index.d.ts[0m:[93m940[0m:[93m14[0m - [91merror[0m[90m TS1005: [0m';' expected.

[7m940[0m      *    - `maxAge`   max-age in milliseconds, converted to `expires`
[7m   [0m [91m             ~~~~~~[0m
[96mnode_modules/@types/express-serve-static-core/index.d.ts[0m:[93m940[0m:[93m14[0m - [91merror[0m[90m TS2304: [0mCannot find name 'maxAge'.

[7m940[0m      *    - `maxAge`   max-age in milliseconds, converted to `expires`
[7m   [0m [91m             ~~~~~~[0m
[96mnode_modules/@types/express-serve-static-core/index.d.ts[0m:[93m940[0m:[93m63[0m - [91merror[0m[90m TS1005: [0m';' expected.

[7m940[0m      *    - `maxAge`   max-age in milliseconds, converted to `expires`
[7m   [0m [91m                                                              ~~~~~~~[0m
[96mnode_modules/@types/express-serve-static-core/index.d.ts[0m:[93m940[0m:[93m63[0m - [91merror[0m[90m TS2304: [0mCannot find name 'expires'.

[7m940[0m      *    - `maxAge`   max-age in milliseconds, converted to `expires`
[7m   [0m [91m                                                              ~~~~~~~[0m
[96mnode_modules/@types/express-serve-static-core/index.d.ts[0m:[93m941[0m:[93m14[0m - [91merror[0m[90m TS1005: [0m';' expected.

[7m941[0m      *    - `signed`   sign the cookie
[7m   [0m [91m             ~~~~~~[0m
[96mnode_modules/@types/express-serve-static-core/index.d.ts[0m:[93m941[0m:[93m14[0m - [91merror[0m[90m TS2304: [0mCannot find name 'signed'.

[7m941[0m      *    - `signed`   sign the cookie
[7m   [0m [91m             ~~~~~~[0m
[96mnode_modules/@types/express-serve-static-core/index.d.ts[0m:[93m942[0m:[93m14[0m - [91merror[0m[90m TS1005: [0m';' expected.

[7m942[0m      *    - `path`     defaults to "/"
[7m   [0m [91m             ~~~~[0m
[96mnode_modules/@types/express-serve-static-core/index.d.ts[0m:[93m942[0m:[93m14[0m - [91merror[0m[90m TS2304: [0mCannot find name 'path'.

[7m942[0m      *    - `path`     defaults to "/"
[7m   [0m [91m             ~~~~[0m
[96mnode_modules/@types/express-serve-static-core/index.d.ts[0m:[93m957[0m:[93m36[0m - [91merror[0m[90m TS1005: [0m';' expected.

[7m957[0m      * Set the location header to `url`.
[7m   [0m [91m                                   ~~~[0m
[96mnode_modules/@types/express-serve-static-core/index.d.ts[0m:[93m957[0m:[93m36[0m - [91merror[0m[90m TS2304: [0mCannot find name 'url'.

[7m957[0m      * Set the location header to `url`.
[7m   [0m [91m                                   ~~~[0m
[96mnode_modules/@types/express-serve-static-core/index.d.ts[0m:[93m959[0m:[93m19[0m - [91merror[0m[90m TS1005: [0m';' expected.

[7m959[0m      * The given `url` can also be the name of a mapped url, for
[7m   [0m [91m                  ~~~[0m
[96mnode_modules/@types/express-serve-static-core/index.d.ts[0m:[93m959[0m:[93m19[0m - [91merror[0m[90m TS2304: [0mCannot find name 'url'.

[7m959[0m      * The given `url` can also be the name of a mapped url, for
[7m   [0m [91m                  ~~~[0m
[96mnode_modules/@types/express-serve-static-core/index.d.ts[0m:[93m971[0m:[93m46[0m - [91merror[0m[90m TS1005: [0m';' expected.

[7m971[0m      *   When an application is mounted and `res.location()`
[7m   [0m [91m                                             ~~~[0m
[96mnode_modules/@types/express-serve-static-core/index.d.ts[0m:[93m971[0m:[93m46[0m - [91merror[0m[90m TS2304: [0mCannot find name 'res'.

[7m971[0m      *   When an application is mounted and `res.location()`
[7m   [0m [91m                                             ~~~[0m
[96mnode_modules/@types/express-serve-static-core/index.d.ts[0m:[93m985[0m:[93m31[0m - [91merror[0m[90m TS1005: [0m';' expected.

[7m985[0m      * Redirect to the given `url` with optional response `status`
[7m   [0m [91m                              ~~~[0m
[96mnode_modules/@types/express-serve-static-core/index.d.ts[0m:[93m985[0m:[93m31[0m - [91merror[0m[90m TS2304: [0mCannot find name 'url'.

[7m985[0m      * Redirect to the given `url` with optional response `status`
[7m   [0m [91m                              ~~~[0m
[96mnode_modules/@types/express-serve-static-core/index.d.ts[0m:[93m985[0m:[93m60[0m - [91merror[0m[90m TS1005: [0m';' expected.

[7m985[0m      * Redirect to the given `url` with optional response `status`
[7m   [0m [91m                                                           ~~~~~~[0m
[96mnode_modules/@types/express-serve-static-core/index.d.ts[0m:[93m985[0m:[93m60[0m - [91merror[0m[90m TS2349: [0mThis expression is not callable.
  Type 'String' has no call signatures.

[7m985[0m      * Redirect to the given `url` with optional response `status`
[7m   [0m [91m                                                           ~~~~~~[0m
[96mnode_modules/@types/express-serve-static-core/index.d.ts[0m:[93m988[0m:[93m23[0m - [91merror[0m[90m TS1005: [0m';' expected.

[7m988[0m      * The resulting `url` is determined by `res.location()`, so
[7m   [0m [91m                      ~~~[0m
[96mnode_modules/@types/express-serve-static-core/index.d.ts[0m:[93m988[0m:[93m23[0m - [91merror[0m[90m TS2304: [0mCannot find name 'url'.

[7m988[0m      * The resulting `url` is determined by `res.location()`, so
[7m   [0m [91m                      ~~~[0m
[96mnode_modules/@types/express-serve-static-core/index.d.ts[0m:[93m988[0m:[93m46[0m - [91merror[0m[90m TS1005: [0m';' expected.

[7m988[0m      * The resulting `url` is determined by `res.location()`, so
[7m   [0m [91m                                             ~~~[0m
[96mnode_modules/@types/express-serve-static-core/index.d.ts[0m:[93m988[0m:[93m46[0m - [91merror[0m[90m TS2304: [0mCannot find name 'res'.

[7m988[0m      * The resulting `url` is determined by `res.location()`, so
[7m   [0m [91m                                             ~~~[0m
[96mnode_modules/@types/express-serve-static-core/index.d.ts[0m:[93m990[0m:[93m9[0m - [91merror[0m[90m TS1005: [0m';' expected.

[7m990[0m      * `"back"` etc.
[7m   [0m [91m        ~~~~~~[0m
[96mnode_modules/@types/express-serve-static-core/index.d.ts[0m:[93m990[0m:[93m9[0m - [91merror[0m[90m TS2349: [0mThis expression is not callable.
  Type 'String' has no call signatures.

[7m990[0m      * `"back"` etc.
[7m   [0m [91m        ~~~~~~[0m
[96mnode_modules/@types/express-serve-static-core/index.d.ts[0m:[93m1007[0m:[93m16[0m - [91merror[0m[90m TS1005: [0m';' expected.

[7m1007[0m      * Render `view` with the given `options` and optional callback `fn`.
[7m    [0m [91m               ~~~~[0m
[96mnode_modules/@types/express-serve-static-core/index.d.ts[0m:[93m1007[0m:[93m16[0m - [91merror[0m[90m TS2304: [0mCannot find name 'view'.

[7m1007[0m      * Render `view` with the given `options` and optional callback `fn`.
[7m    [0m [91m               ~~~~[0m
[96mnode_modules/@types/express-serve-static-core/index.d.ts[0m:[93m1007[0m:[93m38[0m - [91merror[0m[90m TS1005: [0m';' expected.

[7m1007[0m      * Render `view` with the given `options` and optional callback `fn`.
[7m    [0m [91m                                     ~~~~~~~[0m
[96mnode_modules/@types/express-serve-static-core/index.d.ts[0m:[93m1007[0m:[93m38[0m - [91merror[0m[90m TS2304: [0mCannot find name 'options'.

[7m1007[0m      * Render `view` with the given `options` and optional callback `fn`.
[7m    [0m [91m                                     ~~~~~~~[0m
[96mnode_modules/@types/express-serve-static-core/index.d.ts[0m:[93m1007[0m:[93m70[0m - [91merror[0m[90m TS1005: [0m';' expected.

[7m1007[0m      * Render `view` with the given `options` and optional callback `fn`.
[7m    [0m [91m                                                                     ~~[0m
[96mnode_modules/@types/express-serve-static-core/index.d.ts[0m:[93m1007[0m:[93m70[0m - [91merror[0m[90m TS2304: [0mCannot find name 'fn'.

[7m1007[0m      * Render `view` with the given `options` and optional callback `fn`.
[7m    [0m [91m                                                                     ~~[0m
[96mnode_modules/@types/express-serve-static-core/index.d.ts[0m:[93m1013[0m:[93m12[0m - [91merror[0m[90m TS1005: [0m';' expected.

[7m1013[0m      *  - `cache`     boolean hinting to the engine it should cache
[7m    [0m [91m           ~~~~~[0m
[96mnode_modules/@types/express-serve-static-core/index.d.ts[0m:[93m1013[0m:[93m12[0m - [91merror[0m[90m TS2304: [0mCannot find name 'cache'.

[7m1013[0m      *  - `cache`     boolean hinting to the engine it should cache
[7m    [0m [91m           ~~~~~[0m
[96mnode_modules/@types/express-serve-static-core/index.d.ts[0m:[93m1014[0m:[93m12[0m - [91merror[0m[90m TS1005: [0m';' expected.

[7m1014[0m      *  - `filename`  filename of the view being rendered
[7m    [0m [91m           ~~~~~~~~[0m
[96mnode_modules/@types/express-serve-static-core/index.d.ts[0m:[93m1014[0m:[93m12[0m - [91merror[0m[90m TS2304: [0mCannot find name 'filename'.

[7m1014[0m      *  - `filename`  filename of the view being rendered
[7m    [0m [91m           ~~~~~~~~[0m
[96mnode_modules/@types/express-serve-static-core/index.d.ts[0m:[93m1084[0m:[93m53[0m - [91merror[0m[90m TS1005: [0m';' expected.

[7m1084[0m      * Register the given template engine callback `fn`
[7m    [0m [91m                                                    ~~[0m
[96mnode_modules/@types/express-serve-static-core/index.d.ts[0m:[93m1084[0m:[93m53[0m - [91merror[0m[90m TS2304: [0mCannot find name 'fn'.

[7m1084[0m      * Register the given template engine callback `fn`
[7m    [0m [91m                                                    ~~[0m
[96mnode_modules/@types/express-serve-static-core/index.d.ts[0m:[93m1085[0m:[93m12[0m - [91merror[0m[90m TS1005: [0m';' expected.

[7m1085[0m      * as `ext`.
[7m    [0m [91m           ~~~[0m
[96mnode_modules/@types/express-serve-static-core/index.d.ts[0m:[93m1085[0m:[93m12[0m - [91merror[0m[90m TS2304: [0mCannot find name 'ext'.

[7m1085[0m      * as `ext`.
[7m    [0m [91m           ~~~[0m
[96mnode_modules/@types/express-serve-static-core/index.d.ts[0m:[93m1087[0m:[93m25[0m - [91merror[0m[90m TS1005: [0m';' expected.

[7m1087[0m      * By default will `require()` the engine based on the
[7m    [0m [91m                        ~~~~~~~[0m
[96mnode_modules/@types/express-serve-static-core/index.d.ts[0m:[93m1087[0m:[93m25[0m - [91merror[0m[90m TS2554: [0mExpected 1 arguments, but got 0.

[7m1087[0m      * By default will `require()` the engine based on the
[7m    [0m [91m                        ~~~~~~~~~[0m

  [96mnode_modules/@types/node/globals.d.ts[0m:[93m1144[0m:[93m10[0m
    [7m1144[0m         (id: string): any;
    [7m    [0m [96m         ~~~~~~~~~~[0m
    An argument for 'id' was not provided.
[96mnode_modules/@types/express-serve-static-core/index.d.ts[0m:[93m1101[0m:[93m51[0m - [91merror[0m[90m TS2304: [0mCannot find name 'path'.

[7m1101[0m      * the same signature that Express expects: `(path, options, callback)`,
[7m    [0m [91m                                                  ~~~~[0m
[96mnode_modules/@types/express-serve-static-core/index.d.ts[0m:[93m1101[0m:[93m57[0m - [91merror[0m[90m TS2304: [0mCannot find name 'options'.

[7m1101[0m      * the same signature that Express expects: `(path, options, callback)`,
[7m    [0m [91m                                                        ~~~~~~~[0m
[96mnode_modules/@types/express-serve-static-core/index.d.ts[0m:[93m1101[0m:[93m66[0m - [91merror[0m[90m TS2304: [0mCannot find name 'callback'.

[7m1101[0m      * the same signature that Express expects: `(path, options, callback)`,
[7m    [0m [91m                                                                 ~~~~~~~~[0m
[96mnode_modules/@types/express-serve-static-core/index.d.ts[0m:[93m1102[0m:[93m52[0m - [91merror[0m[90m TS1005: [0m';' expected.

[7m1102[0m      * though note that it aliases this method as `ejs.__express` internally
[7m    [0m [91m                                                   ~~~[0m
[96mnode_modules/@types/express-serve-static-core/index.d.ts[0m:[93m1102[0m:[93m52[0m - [91merror[0m[90m TS2304: [0mCannot find name 'ejs'.

[7m1102[0m      * though note that it aliases this method as `ejs.__express` internally
[7m    [0m [91m                                                   ~~~[0m
[96mnode_modules/@types/express-serve-static-core/index.d.ts[0m:[93m1117[0m:[93m16[0m - [91merror[0m[90m TS1005: [0m';' expected.

[7m1117[0m      * Assign `setting` to `val`, or return `setting`'s value.
[7m    [0m [91m               ~~~~~~~[0m
[96mnode_modules/@types/express-serve-static-core/index.d.ts[0m:[93m1117[0m:[93m16[0m - [91merror[0m[90m TS2304: [0mCannot find name 'setting'.

[7m1117[0m      * Assign `setting` to `val`, or return `setting`'s value.
[7m    [0m [91m               ~~~~~~~[0m
[96mnode_modules/@types/express-serve-static-core/index.d.ts[0m:[93m1117[0m:[93m29[0m - [91merror[0m[90m TS1005: [0m';' expected.

[7m1117[0m      * Assign `setting` to `val`, or return `setting`'s value.
[7m    [0m [91m                            ~~~[0m
[96mnode_modules/@types/express-serve-static-core/index.d.ts[0m:[93m1117[0m:[93m29[0m - [91merror[0m[90m TS2304: [0mCannot find name 'val'.

[7m1117[0m      * Assign `setting` to `val`, or return `setting`'s value.
[7m    [0m [91m                            ~~~[0m
[96mnode_modules/@types/express-serve-static-core/index.d.ts[0m:[93m1117[0m:[93m46[0m - [91merror[0m[90m TS1005: [0m';' expected.

[7m1117[0m      * Assign `setting` to `val`, or return `setting`'s value.
[7m    [0m [91m                                             ~~~~~~~[0m
[96mnode_modules/@types/express-serve-static-core/index.d.ts[0m:[93m1117[0m:[93m46[0m - [91merror[0m[90m TS2304: [0mCannot find name 'setting'.

[7m1117[0m      * Assign `setting` to `val`, or return `setting`'s value.
[7m    [0m [91m                                             ~~~~~~~[0m
[96mnode_modules/@types/express-serve-static-core/index.d.ts[0m:[93m1153[0m:[93m18[0m - [91merror[0m[90m TS1005: [0m';' expected.

[7m1153[0m      * Check if `setting` is enabled (truthy).
[7m    [0m [91m                 ~~~~~~~[0m
[96mnode_modules/@types/express-serve-static-core/index.d.ts[0m:[93m1153[0m:[93m18[0m - [91merror[0m[90m TS2304: [0mCannot find name 'setting'.

[7m1153[0m      * Check if `setting` is enabled (truthy).
[7m    [0m [91m                 ~~~~~~~[0m
[96mnode_modules/@types/express-serve-static-core/index.d.ts[0m:[93m1165[0m:[93m18[0m - [91merror[0m[90m TS1005: [0m';' expected.

[7m1165[0m      * Check if `setting` is disabled.
[7m    [0m [91m                 ~~~~~~~[0m
[96mnode_modules/@types/express-serve-static-core/index.d.ts[0m:[93m1165[0m:[93m18[0m - [91merror[0m[90m TS2304: [0mCannot find name 'setting'.

[7m1165[0m      * Check if `setting` is disabled.
[7m    [0m [91m                 ~~~~~~~[0m
[96mnode_modules/@types/express-serve-static-core/index.d.ts[0m:[93m1176[0m:[93m17[0m - [91merror[0m[90m TS1005: [0m';' expected.

[7m1176[0m     /** Enable `setting`. */
[7m    [0m [91m                ~~~~~~~[0m
[96mnode_modules/@types/express-serve-static-core/index.d.ts[0m:[93m1176[0m:[93m17[0m - [91merror[0m[90m TS2304: [0mCannot find name 'setting'.

[7m1176[0m     /** Enable `setting`. */
[7m    [0m [91m                ~~~~~~~[0m
[96mnode_modules/@types/express-serve-static-core/index.d.ts[0m:[93m1179[0m:[93m18[0m - [91merror[0m[90m TS1005: [0m';' expected.

[7m1179[0m     /** Disable `setting`. */
[7m    [0m [91m                 ~~~~~~~[0m
[96mnode_modules/@types/express-serve-static-core/index.d.ts[0m:[93m1179[0m:[93m18[0m - [91merror[0m[90m TS2304: [0mCannot find name 'setting'.

[7m1179[0m     /** Disable `setting`. */
[7m    [0m [91m                 ~~~~~~~[0m
[96mnode_modules/@types/express-serve-static-core/index.d.ts[0m:[93m1183[0m:[93m31[0m - [91merror[0m[90m TS1005: [0m';' expected.

[7m1183[0m      * Render the given view `name` name with `options`
[7m    [0m [91m                              ~~~~[0m
[96mnode_modules/@types/express-serve-static-core/index.d.ts[0m:[93m1183[0m:[93m31[0m - [91merror[0m[90m TS2349: [0mThis expression is not callable.
  Type 'never' has no call signatures.

[7m1183[0m      * Render the given view `name` name with `options`
[7m    [0m [91m                              ~~~~[0m
[96mnode_modules/@types/express-serve-static-core/index.d.ts[0m:[93m1183[0m:[93m48[0m - [91merror[0m[90m TS1005: [0m';' expected.

[7m1183[0m      * Render the given view `name` name with `options`
[7m    [0m [91m                                               ~~~~~~~[0m
[96mnode_modules/@types/express-serve-static-core/index.d.ts[0m:[93m1183[0m:[93m48[0m - [91merror[0m[90m TS2304: [0mCannot find name 'options'.

[7m1183[0m      * Render the given view `name` name with `options`
[7m    [0m [91m                                               ~~~~~~~[0m
[96mnode_modules/@types/express-serve-static-core/index.d.ts[0m:[93m1199[0m:[93m16[0m - [91merror[0m[90m TS1005: [0m';' expected.

[7m1199[0m      * A node `http.Server` is returned, with this
[7m    [0m [91m               ~~~~[0m
[96mnode_modules/@types/express-serve-static-core/index.d.ts[0m:[93m1199[0m:[93m16[0m - [91merror[0m[90m TS2349: [0mThis expression is not callable.
  Type 'typeof Server' has no call signatures.

[7m1199[0m      * A node `http.Server` is returned, with this
[7m    [0m [91m               ~~~~~~~~~~~[0m
[96mnode_modules/@types/express-serve-static-core/index.d.ts[0m:[93m1200[0m:[93m33[0m - [91merror[0m[90m TS1005: [0m';' expected.

[7m1200[0m      * application (which is a `Function`) as its
[7m    [0m [91m                                ~~~~~~~~[0m
[96mnode_modules/@types/express-serve-static-core/index.d.ts[0m:[93m1200[0m:[93m41[0m - [91merror[0m[90m TS2345: [0mArgument of type 'TemplateStringsArray' is not assignable to parameter of type 'string'.

[7m1200[0m      * application (which is a `Function`) as its
[7m    [0m [91m                                        ~~~~~~~~~[0m
[7m1201[0m      * callback. If you wish to create both an HTTP
[7m    [0m [91m~~~~~~~~~~~~~~~~~~~~~~~~~~~~~~~~~~~~~~~~~~~~~~~~~~~[0m
[7m ...[0m 
[7m1267[0m }
[7m    [0m [91m~[0m
[7m1268[0m 
[7m    [0m [91m[0m
[96mnode_modules/@types/express-serve-static-core/index.d.ts[0m:[93m1268[0m:[93m1[0m - [91merror[0m[90m TS1160: [0mUnterminated template literal.

[7m1268[0m 
[7m    [0m [91m[0m
[96mnode_modules/@types/express/index.d.ts[0m:[93m27[0m:[93m28[0m - [91merror[0m[90m TS2694: [0mNamespace '"c:/Users/Anton/Documents/Work/T21V/TV24/Tv24Service/node_modules/@types/express-serve-static-core/index"' has no exported member 'Express'.

[7m27[0m declare function e(): core.Express;
[7m  [0m [91m                           ~~~~~~~[0m
[96mnode_modules/@types/express/index.d.ts[0m:[93m58[0m:[93m55[0m - [91merror[0m[90m TS2344: [0mType 'Response<any, Record<string, any>>' does not satisfy the constraint 'ServerResponse'.
  Type 'Response<any, Record<string, any>>' is missing the following properties from type 'ServerResponse': statusCode, statusMessage, assignSocket, detachSocket, and 54 more.

[7m58[0m     var static: serveStatic.RequestHandlerConstructor<Response>;
[7m  [0m [91m                                                      ~~~~~~~~[0m
[96mnode_modules/@types/express/index.d.ts[0m:[93m71[0m:[93m59[0m - [91merror[0m[90m TS2694: [0mNamespace '"c:/Users/Anton/Documents/Work/T21V/TV24/Tv24Service/node_modules/@types/express-serve-static-core/index"' has no exported member 'Router'.

[7m71[0m     export function Router(options?: RouterOptions): core.Router;
[7m  [0m [91m                                                          ~~~~~~[0m
[96mnode_modules/@types/express/index.d.ts[0m:[93m94[0m:[93m40[0m - [91merror[0m[90m TS2694: [0mNamespace '"c:/Users/Anton/Documents/Work/T21V/TV24/Tv24Service/node_modules/@types/express-serve-static-core/index"' has no exported member 'Application'.

[7m94[0m     interface Application extends core.Application {}
[7m  [0m [91m                                       ~~~~~~~~~~~[0m
[96mnode_modules/@types/express/index.d.ts[0m:[93m95[0m:[93m42[0m - [91merror[0m[90m TS2694: [0mNamespace '"c:/Users/Anton/Documents/Work/T21V/TV24/Tv24Service/node_modules/@types/express-serve-static-core/index"' has no exported member 'CookieOptions'.

[7m95[0m     interface CookieOptions extends core.CookieOptions {}
[7m  [0m [91m                                         ~~~~~~~~~~~~~[0m
[96mnode_modules/@types/express/index.d.ts[0m:[93m96[0m:[93m36[0m - [91merror[0m[90m TS2694: [0mNamespace '"c:/Users/Anton/Documents/Work/T21V/TV24/Tv24Service/node_modules/@types/express-serve-static-core/index"' has no exported member 'Errback'.

[7m96[0m     interface Errback extends core.Errback {}
[7m  [0m [91m                                   ~~~~~~~[0m
[96mnode_modules/@types/express/index.d.ts[0m:[93m104[0m:[93m36[0m - [91merror[0m[90m TS2694: [0mNamespace '"c:/Users/Anton/Documents/Work/T21V/TV24/Tv24Service/node_modules/@types/express-serve-static-core/index"' has no exported member 'Express'.

[7m104[0m     interface Express extends core.Express {}
[7m   [0m [91m                                   ~~~~~~~[0m
[96mnode_modules/@types/express/index.d.ts[0m:[93m105[0m:[93m36[0m - [91merror[0m[90m TS2694: [0mNamespace '"c:/Users/Anton/Documents/Work/T21V/TV24/Tv24Service/node_modules/@types/express-serve-static-core/index"' has no exported member 'Handler'.

[7m105[0m     interface Handler extends core.Handler {}
[7m   [0m [91m                                   ~~~~~~~[0m
[96mnode_modules/@types/express/index.d.ts[0m:[93m106[0m:[93m35[0m - [91merror[0m[90m TS2694: [0mNamespace '"c:/Users/Anton/Documents/Work/T21V/TV24/Tv24Service/node_modules/@types/express-serve-static-core/index"' has no exported member 'IRoute'.

[7m106[0m     interface IRoute extends core.IRoute {}
[7m   [0m [91m                                  ~~~~~~[0m
[96mnode_modules/@types/express/index.d.ts[0m:[93m107[0m:[93m36[0m - [91merror[0m[90m TS2694: [0mNamespace '"c:/Users/Anton/Documents/Work/T21V/TV24/Tv24Service/node_modules/@types/express-serve-static-core/index"' has no exported member 'IRouter'.

[7m107[0m     interface IRouter extends core.IRouter {}
[7m   [0m [91m                                   ~~~~~~~[0m
[96mnode_modules/@types/express/index.d.ts[0m:[93m108[0m:[93m46[0m - [91merror[0m[90m TS2694: [0mNamespace '"c:/Users/Anton/Documents/Work/T21V/TV24/Tv24Service/node_modules/@types/express-serve-static-core/index"' has no exported member 'IRouterHandler'.

[7m108[0m     interface IRouterHandler<T> extends core.IRouterHandler<T> {}
[7m   [0m [91m                                             ~~~~~~~~~~~~~~[0m
[96mnode_modules/@types/express/index.d.ts[0m:[93m109[0m:[93m46[0m - [91merror[0m[90m TS2694: [0mNamespace '"c:/Users/Anton/Documents/Work/T21V/TV24/Tv24Service/node_modules/@types/express-serve-static-core/index"' has no exported member 'IRouterMatcher'.

[7m109[0m     interface IRouterMatcher<T> extends core.IRouterMatcher<T> {}
[7m   [0m [91m                                             ~~~~~~~~~~~~~~[0m
[96mnode_modules/@types/express/index.d.ts[0m:[93m110[0m:[93m38[0m - [91merror[0m[90m TS2694: [0mNamespace '"c:/Users/Anton/Documents/Work/T21V/TV24/Tv24Service/node_modules/@types/express-serve-static-core/index"' has no exported member 'MediaType'.

[7m110[0m     interface MediaType extends core.MediaType {}
[7m   [0m [91m                                     ~~~~~~~~~[0m
[96mnode_modules/@types/express/index.d.ts[0m:[93m119[0m:[93m20[0m - [91merror[0m[90m TS2694: [0mNamespace '"c:/Users/Anton/Documents/Work/T21V/TV24/Tv24Service/node_modules/@types/express-serve-static-core/index"' has no exported member 'Request'.

[7m119[0m     > extends core.Request<P, ResBody, ReqBody, ReqQuery, Locals> {}
[7m   [0m [91m                   ~~~~~~~[0m
[96mnode_modules/@types/express/index.d.ts[0m:[93m127[0m:[93m48[0m - [91merror[0m[90m TS2694: [0mNamespace '"c:/Users/Anton/Documents/Work/T21V/TV24/Tv24Service/node_modules/@types/express-serve-static-core/index"' has no exported member 'RequestParamHandler'.

[7m127[0m     interface RequestParamHandler extends core.RequestParamHandler {}
[7m   [0m [91m                                               ~~~~~~~~~~~~~~~~~~~[0m
[96mnode_modules/@types/express/index.d.ts[0m:[93m131[0m:[93m20[0m - [91merror[0m[90m TS2694: [0mNamespace '"c:/Users/Anton/Documents/Work/T21V/TV24/Tv24Service/node_modules/@types/express-serve-static-core/index"' has no exported member 'Response'.

[7m131[0m     > extends core.Response<ResBody, Locals> {}
[7m   [0m [91m                   ~~~~~~~~[0m
[96mnode_modules/@types/express/index.d.ts[0m:[93m132[0m:[93m35[0m - [91merror[0m[90m TS2694: [0mNamespace '"c:/Users/Anton/Documents/Work/T21V/TV24/Tv24Service/node_modules/@types/express-serve-static-core/index"' has no exported member 'Router'.

[7m132[0m     interface Router extends core.Router {}
[7m   [0m [91m                                  ~~~~~~[0m
[96mnode_modules/@types/express/index.d.ts[0m:[93m133[0m:[93m33[0m - [91merror[0m[90m TS2694: [0mNamespace '"c:/Users/Anton/Documents/Work/T21V/TV24/Tv24Service/node_modules/@types/express-serve-static-core/index"' has no exported member 'Send'.

[7m133[0m     interface Send extends core.Send {}
[7m   [0m [91m                                ~~~~[0m
[96mnode_modules/@types/passport/index.d.ts[0m:[93m490[0m:[93m57[0m - [91merror[0m[90m TS2344: [0mType 'Request<ParamsDictionary, any, any, ParsedQs, Record<string, any>>' does not satisfy the constraint 'IncomingMessage'.
  Type 'Request<ParamsDictionary, any, any, ParsedQs, Record<string, any>>' is missing the following properties from type 'IncomingMessage': aborted, httpVersion, httpVersionMajor, httpVersionMinor, and 45 more.

[7m490[0m         serializeUser<TID, TR extends IncomingMessage = express.Request>(
[7m   [0m [91m                                                        ~~~~~~~~~~~~~~~[0m
[96mnode_modules/@types/passport/index.d.ts[0m:[93m497[0m:[93m99[0m - [91merror[0m[90m TS2344: [0mType 'Request<ParamsDictionary, any, any, ParsedQs, Record<string, any>>' does not satisfy the constraint 'IncomingMessage'.

[7m497[0m         serializeUser<User extends Express.User = Express.User, Request extends IncomingMessage = express.Request>(
[7m   [0m [91m                                                                                                  ~~~~~~~~~~~~~~~[0m
[96mnode_modules/@types/passport/index.d.ts[0m:[93m535[0m:[93m59[0m - [91merror[0m[90m TS2344: [0mType 'Request<ParamsDictionary, any, any, ParsedQs, Record<string, any>>' does not satisfy the constraint 'IncomingMessage'.

[7m535[0m         deserializeUser<TID, TR extends IncomingMessage = express.Request>(
[7m   [0m [91m                                                          ~~~~~~~~~~~~~~~[0m
[96mnode_modules/@types/passport/index.d.ts[0m:[93m542[0m:[93m101[0m - [91merror[0m[90m TS2344: [0mType 'Request<ParamsDictionary, any, any, ParsedQs, Record<string, any>>' does not satisfy the constraint 'IncomingMessage'.

[7m542[0m         deserializeUser<User extends Express.User = Express.User, Request extends IncomingMessage = express.Request>(
[7m   [0m [91m                                                                                                    ~~~~~~~~~~~~~~~[0m
[96mnode_modules/@types/passport/index.d.ts[0m:[93m601[0m:[93m84[0m - [91merror[0m[90m TS2344: [0mType 'Request<ParamsDictionary, any, any, ParsedQs, Record<string, any>>' does not satisfy the constraint 'IncomingMessage'.

[7m601[0m         transformAuthInfo<InitialInfo = unknown, Request extends IncomingMessage = express.Request>(
[7m   [0m [91m                                                                                   ~~~~~~~~~~~~~~~[0m
[96mnode_modules/@types/prettier/index.d.ts[0m:[93m41[0m:[93m54[0m - [91merror[0m[90m TS2315: [0mType 'IsTuple' is not generic.

[7m41[0m type IndexProperties<T extends { length: number }> = IsTuple<T> extends true
[7m  [0m [91m                                                     ~~~~~~~~~~[0m
[96mnode_modules/@types/prettier/index.d.ts[0m:[93m53[0m:[93m6[0m - [91merror[0m[90m TS2456: [0mType alias 'IsTuple' circularly references itself.

[7m53[0m type IsTuple<T> = T extends [] ? true : T extends [infer First, ...infer Remain] ? IsTuple<Remain> : false;
[7m  [0m [91m     ~~~~~~~[0m
[96mnode_modules/@types/prettier/index.d.ts[0m:[93m53[0m:[93m65[0m - [91merror[0m[90m TS2574: [0mA rest element type must be an array type.

[7m53[0m type IsTuple<T> = T extends [] ? true : T extends [infer First, ...infer Remain] ? IsTuple<Remain> : false;
[7m  [0m [91m                                                                ~~~~~~~~~~~~~~~[0m
[96mnode_modules/@types/prettier/index.d.ts[0m:[93m53[0m:[93m84[0m - [91merror[0m[90m TS2315: [0mType 'IsTuple' is not generic.

[7m53[0m type IsTuple<T> = T extends [] ? true : T extends [infer First, ...infer Remain] ? IsTuple<Remain> : false;
[7m  [0m [91m                                                                                   ~~~~~~~~~~~~~~~[0m
[96mnode_modules/@types/prettier/index.d.ts[0m:[93m96[0m:[93m5[0m - [91merror[0m[90m TS2589: [0mType instantiation is excessively deep and possibly infinite.

[7m96[0m     call<
[7m  [0m [91m    ~~~~[0m
[96mnode_modules/@types/prettier/index.d.ts[0m:[93m131[0m:[93m5[0m - [91merror[0m[90m TS2589: [0mType instantiation is excessively deep and possibly infinite.

[7m131[0m     each<
[7m   [0m [91m    ~~~~[0m
[96mnode_modules/@types/prettier/index.d.ts[0m:[93m165[0m:[93m5[0m - [91merror[0m[90m TS2589: [0mType instantiation is excessively deep and possibly infinite.

[7m165[0m     map<
[7m   [0m [91m    ~~~[0m
[96mnode_modules/@types/superagent/index.d.ts[0m:[93m23[0m:[93m10[0m - [91merror[0m[90m TS2305: [0mModule '"buffer"' has no exported member 'Blob'.

[7m23[0m import { Blob } from "buffer";
[7m  [0m [91m         ~~~~[0m

Found 324 error(s).

